[4.363s] Invoking command in '/home/ubuntu/axy_proj/src/jetrover_controller': PYTHONPATH=/home/ubuntu/axy_proj/build/jetrover_controller/prefix_override:/home/ubuntu/axy_proj/install/jetrover_controller/lib/python3.10/site-packages:${PYTHONPATH} /usr/bin/python3 -W ignore:setup.py install is deprecated setup.py egg_info --egg-base ../../build/jetrover_controller build --build-base /home/ubuntu/axy_proj/build/jetrover_controller/build install --record /home/ubuntu/axy_proj/build/jetrover_controller/install.log --single-version-externally-managed install_data
[5.311s] running egg_info
[5.360s] writing ../../build/jetrover_controller/jetrover_controller.egg-info/PKG-INFO
[5.361s] writing dependency_links to ../../build/jetrover_controller/jetrover_controller.egg-info/dependency_links.txt
[5.361s] writing entry points to ../../build/jetrover_controller/jetrover_controller.egg-info/entry_points.txt
[5.362s] writing requirements to ../../build/jetrover_controller/jetrover_controller.egg-info/requires.txt
[5.362s] writing top-level names to ../../build/jetrover_controller/jetrover_controller.egg-info/top_level.txt
[5.459s] reading manifest file '../../build/jetrover_controller/jetrover_controller.egg-info/SOURCES.txt'
[5.461s] writing manifest file '../../build/jetrover_controller/jetrover_controller.egg-info/SOURCES.txt'
[5.462s] running build
[5.462s] running build_py
[5.463s] copying jetrover_controller/move_arm.py -> /home/ubuntu/axy_proj/build/jetrover_controller/build/lib/jetrover_controller
[5.465s] copying jetrover_controller/move_robot.py -> /home/ubuntu/axy_proj/build/jetrover_controller/build/lib/jetrover_controller
[5.466s] running install
[5.482s] running install_lib
[5.531s] copying /home/ubuntu/axy_proj/build/jetrover_controller/build/lib/jetrover_controller/move_robot.py -> /home/ubuntu/axy_proj/install/jetrover_controller/lib/python3.10/site-packages/jetrover_controller
[5.534s] byte-compiling /home/ubuntu/axy_proj/install/jetrover_controller/lib/python3.10/site-packages/jetrover_controller/move_robot.py to move_robot.cpython-310.pyc
[5.538s] running install_data
[5.538s] running install_egg_info
[5.589s] removing '/home/ubuntu/axy_proj/install/jetrover_controller/lib/python3.10/site-packages/jetrover_controller-0.0.0-py3.10.egg-info' (and everything under it)
[5.589s] Copying ../../build/jetrover_controller/jetrover_controller.egg-info to /home/ubuntu/axy_proj/install/jetrover_controller/lib/python3.10/site-packages/jetrover_controller-0.0.0-py3.10.egg-info
[5.593s] running install_scripts
[6.034s] Installing buzzer_stop script to /home/ubuntu/axy_proj/install/jetrover_controller/lib/jetrover_controller
[6.035s] Installing dance_attempt script to /home/ubuntu/axy_proj/install/jetrover_controller/lib/jetrover_controller
[6.036s] Installing enhanced_dance script to /home/ubuntu/axy_proj/install/jetrover_controller/lib/jetrover_controller
[6.036s] Installing lidar_safety script to /home/ubuntu/axy_proj/install/jetrover_controller/lib/jetrover_controller
[6.037s] Installing move_arm script to /home/ubuntu/axy_proj/install/jetrover_controller/lib/jetrover_controller
[6.037s] Installing move_robot script to /home/ubuntu/axy_proj/install/jetrover_controller/lib/jetrover_controller
[6.037s] Installing robo_manager script to /home/ubuntu/axy_proj/install/jetrover_controller/lib/jetrover_controller
[6.038s] writing list of installed files to '/home/ubuntu/axy_proj/build/jetrover_controller/install.log'
[6.168s] Invoked command in '/home/ubuntu/axy_proj/src/jetrover_controller' returned '0': PYTHONPATH=/home/ubuntu/axy_proj/build/jetrover_controller/prefix_override:/home/ubuntu/axy_proj/install/jetrover_controller/lib/python3.10/site-packages:${PYTHONPATH} /usr/bin/python3 -W ignore:setup.py install is deprecated setup.py egg_info --egg-base ../../build/jetrover_controller build --build-base /home/ubuntu/axy_proj/build/jetrover_controller/build install --record /home/ubuntu/axy_proj/build/jetrover_controller/install.log --single-version-externally-managed install_data
