[4.013s] Invoking command in '/home/ubuntu/axy_proj/src/jetrover_controller': PYTHONPATH=/home/ubuntu/axy_proj/build/jetrover_controller/prefix_override:/home/ubuntu/axy_proj/install/jetrover_controller/lib/python3.10/site-packages:${PYTHONPATH} /usr/bin/python3 -W ignore:setup.py install is deprecated setup.py egg_info --egg-base ../../build/jetrover_controller build --build-base /home/ubuntu/axy_proj/build/jetrover_controller/build install --record /home/ubuntu/axy_proj/build/jetrover_controller/install.log --single-version-externally-managed install_data
[4.985s] running egg_info
[5.030s] writing ../../build/jetrover_controller/jetrover_controller.egg-info/PKG-INFO
[5.031s] writing dependency_links to ../../build/jetrover_controller/jetrover_controller.egg-info/dependency_links.txt
[5.032s] writing entry points to ../../build/jetrover_controller/jetrover_controller.egg-info/entry_points.txt
[5.033s] writing requirements to ../../build/jetrover_controller/jetrover_controller.egg-info/requires.txt
[5.033s] writing top-level names to ../../build/jetrover_controller/jetrover_controller.egg-info/top_level.txt
[5.124s] reading manifest file '../../build/jetrover_controller/jetrover_controller.egg-info/SOURCES.txt'
[5.126s] writing manifest file '../../build/jetrover_controller/jetrover_controller.egg-info/SOURCES.txt'
[5.126s] running build
[5.127s] running build_py
[5.128s] running install
[5.141s] running install_lib
[5.190s] running install_data
[5.190s] running install_egg_info
[5.239s] removing '/home/ubuntu/axy_proj/install/jetrover_controller/lib/python3.10/site-packages/jetrover_controller-0.0.0-py3.10.egg-info' (and everything under it)
[5.239s] Copying ../../build/jetrover_controller/jetrover_controller.egg-info to /home/ubuntu/axy_proj/install/jetrover_controller/lib/python3.10/site-packages/jetrover_controller-0.0.0-py3.10.egg-info
[5.242s] running install_scripts
[5.637s] Installing buzzer_stop script to /home/ubuntu/axy_proj/install/jetrover_controller/lib/jetrover_controller
[5.637s] Installing dance_attempt script to /home/ubuntu/axy_proj/install/jetrover_controller/lib/jetrover_controller
[5.638s] Installing enhanced_dance script to /home/ubuntu/axy_proj/install/jetrover_controller/lib/jetrover_controller
[5.638s] Installing lidar_safety script to /home/ubuntu/axy_proj/install/jetrover_controller/lib/jetrover_controller
[5.638s] Installing move_arm script to /home/ubuntu/axy_proj/install/jetrover_controller/lib/jetrover_controller
[5.639s] Installing move_robot script to /home/ubuntu/axy_proj/install/jetrover_controller/lib/jetrover_controller
[5.639s] Installing robo_manager script to /home/ubuntu/axy_proj/install/jetrover_controller/lib/jetrover_controller
[5.640s] writing list of installed files to '/home/ubuntu/axy_proj/build/jetrover_controller/install.log'
[5.766s] Invoked command in '/home/ubuntu/axy_proj/src/jetrover_controller' returned '0': PYTHONPATH=/home/ubuntu/axy_proj/build/jetrover_controller/prefix_override:/home/ubuntu/axy_proj/install/jetrover_controller/lib/python3.10/site-packages:${PYTHONPATH} /usr/bin/python3 -W ignore:setup.py install is deprecated setup.py egg_info --egg-base ../../build/jetrover_controller build --build-base /home/ubuntu/axy_proj/build/jetrover_controller/build install --record /home/ubuntu/axy_proj/build/jetrover_controller/install.log --single-version-externally-managed install_data
