[5.681s] Invoking command in '/home/ubuntu/axy_proj/src/jetrover_controller': PYTHONPATH=/home/ubuntu/axy_proj/build/jetrover_controller/prefix_override:/home/ubuntu/axy_proj/install/jetrover_controller/lib/python3.10/site-packages:${PYTHONPATH} /usr/bin/python3 -W ignore:setup.py install is deprecated setup.py egg_info --egg-base ../../build/jetrover_controller build --build-base /home/ubuntu/axy_proj/build/jetrover_controller/build install --record /home/ubuntu/axy_proj/build/jetrover_controller/install.log --single-version-externally-managed install_data
[6.630s] running egg_info
[6.678s] writing ../../build/jetrover_controller/jetrover_controller.egg-info/PKG-INFO
[6.680s] writing dependency_links to ../../build/jetrover_controller/jetrover_controller.egg-info/dependency_links.txt
[6.680s] writing entry points to ../../build/jetrover_controller/jetrover_controller.egg-info/entry_points.txt
[6.681s] writing requirements to ../../build/jetrover_controller/jetrover_controller.egg-info/requires.txt
[6.682s] writing top-level names to ../../build/jetrover_controller/jetrover_controller.egg-info/top_level.txt
[6.785s] reading manifest file '../../build/jetrover_controller/jetrover_controller.egg-info/SOURCES.txt'
[6.788s] writing manifest file '../../build/jetrover_controller/jetrover_controller.egg-info/SOURCES.txt'
[6.788s] running build
[6.789s] running build_py
[6.790s] copying jetrover_controller/lidar_safety.py -> /home/ubuntu/axy_proj/build/jetrover_controller/build/lib/jetrover_controller
[6.792s] copying jetrover_controller/move_arm.py -> /home/ubuntu/axy_proj/build/jetrover_controller/build/lib/jetrover_controller
[6.793s] copying jetrover_controller/move_robot.py -> /home/ubuntu/axy_proj/build/jetrover_controller/build/lib/jetrover_controller
[6.793s] copying jetrover_controller/resource.py -> /home/ubuntu/axy_proj/build/jetrover_controller/build/lib/jetrover_controller
[6.794s] copying jetrover_controller/robot_manager.py -> /home/ubuntu/axy_proj/build/jetrover_controller/build/lib/jetrover_controller
[6.795s] copying jetrover_controller/dance_attempt.py -> /home/ubuntu/axy_proj/build/jetrover_controller/build/lib/jetrover_controller
[6.798s] running install
[6.810s] running install_lib
[6.862s] running install_data
[6.864s] running install_egg_info
[6.917s] removing '/home/ubuntu/axy_proj/install/jetrover_controller/lib/python3.10/site-packages/jetrover_controller-0.0.0-py3.10.egg-info' (and everything under it)
[6.921s] Copying ../../build/jetrover_controller/jetrover_controller.egg-info to /home/ubuntu/axy_proj/install/jetrover_controller/lib/python3.10/site-packages/jetrover_controller-0.0.0-py3.10.egg-info
[6.924s] running install_scripts
[7.351s] Installing dance_attempt script to /home/ubuntu/axy_proj/install/jetrover_controller/lib/jetrover_controller
[7.352s] Installing lidar_safety script to /home/ubuntu/axy_proj/install/jetrover_controller/lib/jetrover_controller
[7.353s] Installing move_arm script to /home/ubuntu/axy_proj/install/jetrover_controller/lib/jetrover_controller
[7.353s] Installing move_robot script to /home/ubuntu/axy_proj/install/jetrover_controller/lib/jetrover_controller
[7.355s] Installing robo_manager script to /home/ubuntu/axy_proj/install/jetrover_controller/lib/jetrover_controller
[7.359s] writing list of installed files to '/home/ubuntu/axy_proj/build/jetrover_controller/install.log'
[7.539s] Invoked command in '/home/ubuntu/axy_proj/src/jetrover_controller' returned '0': PYTHONPATH=/home/ubuntu/axy_proj/build/jetrover_controller/prefix_override:/home/ubuntu/axy_proj/install/jetrover_controller/lib/python3.10/site-packages:${PYTHONPATH} /usr/bin/python3 -W ignore:setup.py install is deprecated setup.py egg_info --egg-base ../../build/jetrover_controller build --build-base /home/ubuntu/axy_proj/build/jetrover_controller/build install --record /home/ubuntu/axy_proj/build/jetrover_controller/install.log --single-version-externally-managed install_data
