[1.374s] [34mcolcon[0m [1;30mDEBUG[0m [32mCommand line arguments: ['/home/ubuntu/.local/bin/colcon', 'build'][0m
[1.374s] [34mcolcon[0m [1;30mDEBUG[0m [32mParsed command line arguments: Namespace(log_base=None, log_level=None, verb_name='build', build_base='build', install_base='install', merge_install=False, symlink_install=False, test_result_base=None, continue_on_error=False, executor='parallel', parallel_workers=6, event_handlers=None, ignore_user_meta=False, metas=['./colcon.meta'], base_paths=['.'], packages_ignore=None, packages_ignore_regex=None, paths=None, packages_up_to=None, packages_up_to_regex=None, packages_above=None, packages_above_and_dependencies=None, packages_above_depth=None, packages_select_by_dep=None, packages_skip_by_dep=None, packages_skip_up_to=None, packages_select_build_failed=False, packages_skip_build_finished=False, packages_select_test_failures=False, packages_skip_test_passed=False, packages_select=None, packages_skip=None, packages_select_regex=None, packages_skip_regex=None, packages_start=None, packages_end=None, allow_overriding=[], cmake_args=None, cmake_target=None, cmake_target_skip_unavailable=False, cmake_clean_cache=False, cmake_clean_first=False, cmake_force_configure=False, ament_cmake_args=None, catkin_cmake_args=None, catkin_skip_building_tests=False, verb_parser=<colcon_defaults.argument_parser.defaults.DefaultArgumentsDecorator object at 0xffff6b33db40>, verb_extension=<colcon_core.verb.build.BuildVerb object at 0xffff6b43f130>, main=<bound method BuildVerb.main of <colcon_core.verb.build.BuildVerb object at 0xffff6b43f130>>)[0m
[1.672s] [34mcolcon.colcon_core.package_discovery[0m [1;30mLevel 1[0m discover_packages(colcon_meta) check parameters
[1.672s] [34mcolcon.colcon_core.package_discovery[0m [1;30mLevel 1[0m discover_packages(recursive) check parameters
[1.673s] [34mcolcon.colcon_core.package_discovery[0m [1;30mLevel 1[0m discover_packages(ignore) check parameters
[1.673s] [34mcolcon.colcon_core.package_discovery[0m [1;30mLevel 1[0m discover_packages(path) check parameters
[1.674s] [34mcolcon.colcon_core.package_discovery[0m [1;30mLevel 1[0m discover_packages(colcon_meta) discover
[1.675s] [34mcolcon.colcon_core.package_discovery[0m [1;30mLevel 1[0m discover_packages(recursive) discover
[1.675s] [34mcolcon.colcon_core.package_discovery[0m [1;30mINFO[0m Crawling recursively for packages in '/home/ubuntu/axy_proj'
[1.676s] [34mcolcon.colcon_core.package_identification[0m [1;30mLevel 1[0m _identify(.) by extensions ['ignore', 'ignore_ament_install']
[1.677s] [34mcolcon.colcon_core.package_identification[0m [1;30mLevel 1[0m _identify(.) by extension 'ignore'
[1.677s] [34mcolcon.colcon_core.package_identification[0m [1;30mLevel 1[0m _identify(.) by extension 'ignore_ament_install'
[1.677s] [34mcolcon.colcon_core.package_identification[0m [1;30mLevel 1[0m _identify(.) by extensions ['colcon_pkg']
[1.677s] [34mcolcon.colcon_core.package_identification[0m [1;30mLevel 1[0m _identify(.) by extension 'colcon_pkg'
[1.678s] [34mcolcon.colcon_core.package_identification[0m [1;30mLevel 1[0m _identify(.) by extensions ['colcon_meta']
[1.678s] [34mcolcon.colcon_core.package_identification[0m [1;30mLevel 1[0m _identify(.) by extension 'colcon_meta'
[1.678s] [34mcolcon.colcon_core.package_identification[0m [1;30mLevel 1[0m _identify(.) by extensions ['ros']
[1.678s] [34mcolcon.colcon_core.package_identification[0m [1;30mLevel 1[0m _identify(.) by extension 'ros'
[1.753s] [34mcolcon.colcon_core.package_identification[0m [1;30mLevel 1[0m _identify(.) by extensions ['cmake', 'python']
[1.753s] [34mcolcon.colcon_core.package_identification[0m [1;30mLevel 1[0m _identify(.) by extension 'cmake'
[1.754s] [34mcolcon.colcon_core.package_identification[0m [1;30mLevel 1[0m _identify(.) by extension 'python'
[1.754s] [34mcolcon.colcon_core.package_identification[0m [1;30mLevel 1[0m _identify(.) by extensions ['python_setup_py']
[1.754s] [34mcolcon.colcon_core.package_identification[0m [1;30mLevel 1[0m _identify(.) by extension 'python_setup_py'
[1.755s] [34mcolcon.colcon_core.package_identification[0m [1;30mLevel 1[0m _identify(build) by extensions ['ignore', 'ignore_ament_install']
[1.755s] [34mcolcon.colcon_core.package_identification[0m [1;30mLevel 1[0m _identify(build) by extension 'ignore'
[1.755s] [34mcolcon.colcon_core.package_identification[0m [1;30mLevel 1[0m _identify(build) ignored
[1.756s] [34mcolcon.colcon_core.package_identification[0m [1;30mLevel 1[0m _identify(install) by extensions ['ignore', 'ignore_ament_install']
[1.756s] [34mcolcon.colcon_core.package_identification[0m [1;30mLevel 1[0m _identify(install) by extension 'ignore'
[1.756s] [34mcolcon.colcon_core.package_identification[0m [1;30mLevel 1[0m _identify(install) ignored
[1.757s] [34mcolcon.colcon_core.package_identification[0m [1;30mLevel 1[0m _identify(log) by extensions ['ignore', 'ignore_ament_install']
[1.758s] [34mcolcon.colcon_core.package_identification[0m [1;30mLevel 1[0m _identify(log) by extension 'ignore'
[1.758s] [34mcolcon.colcon_core.package_identification[0m [1;30mLevel 1[0m _identify(log) ignored
[1.760s] [34mcolcon.colcon_core.package_identification[0m [1;30mLevel 1[0m _identify(msc) by extensions ['ignore', 'ignore_ament_install']
[1.760s] [34mcolcon.colcon_core.package_identification[0m [1;30mLevel 1[0m _identify(msc) by extension 'ignore'
[1.760s] [34mcolcon.colcon_core.package_identification[0m [1;30mLevel 1[0m _identify(msc) by extension 'ignore_ament_install'
[1.761s] [34mcolcon.colcon_core.package_identification[0m [1;30mLevel 1[0m _identify(msc) by extensions ['colcon_pkg']
[1.761s] [34mcolcon.colcon_core.package_identification[0m [1;30mLevel 1[0m _identify(msc) by extension 'colcon_pkg'
[1.761s] [34mcolcon.colcon_core.package_identification[0m [1;30mLevel 1[0m _identify(msc) by extensions ['colcon_meta']
[1.761s] [34mcolcon.colcon_core.package_identification[0m [1;30mLevel 1[0m _identify(msc) by extension 'colcon_meta'
[1.762s] [34mcolcon.colcon_core.package_identification[0m [1;30mLevel 1[0m _identify(msc) by extensions ['ros']
[1.762s] [34mcolcon.colcon_core.package_identification[0m [1;30mLevel 1[0m _identify(msc) by extension 'ros'
[1.762s] [34mcolcon.colcon_core.package_identification[0m [1;30mLevel 1[0m _identify(msc) by extensions ['cmake', 'python']
[1.762s] [34mcolcon.colcon_core.package_identification[0m [1;30mLevel 1[0m _identify(msc) by extension 'cmake'
[1.763s] [34mcolcon.colcon_core.package_identification[0m [1;30mLevel 1[0m _identify(msc) by extension 'python'
[1.763s] [34mcolcon.colcon_core.package_identification[0m [1;30mLevel 1[0m _identify(msc) by extensions ['python_setup_py']
[1.763s] [34mcolcon.colcon_core.package_identification[0m [1;30mLevel 1[0m _identify(msc) by extension 'python_setup_py'
[1.764s] [34mcolcon.colcon_core.package_identification[0m [1;30mLevel 1[0m _identify(msc/14568787b9f27199e9ec950aa0af565e) by extensions ['ignore', 'ignore_ament_install']
[1.764s] [34mcolcon.colcon_core.package_identification[0m [1;30mLevel 1[0m _identify(msc/14568787b9f27199e9ec950aa0af565e) by extension 'ignore'
[1.764s] [34mcolcon.colcon_core.package_identification[0m [1;30mLevel 1[0m _identify(msc/14568787b9f27199e9ec950aa0af565e) by extension 'ignore_ament_install'
[1.764s] [34mcolcon.colcon_core.package_identification[0m [1;30mLevel 1[0m _identify(msc/14568787b9f27199e9ec950aa0af565e) by extensions ['colcon_pkg']
[1.765s] [34mcolcon.colcon_core.package_identification[0m [1;30mLevel 1[0m _identify(msc/14568787b9f27199e9ec950aa0af565e) by extension 'colcon_pkg'
[1.765s] [34mcolcon.colcon_core.package_identification[0m [1;30mLevel 1[0m _identify(msc/14568787b9f27199e9ec950aa0af565e) by extensions ['colcon_meta']
[1.765s] [34mcolcon.colcon_core.package_identification[0m [1;30mLevel 1[0m _identify(msc/14568787b9f27199e9ec950aa0af565e) by extension 'colcon_meta'
[1.765s] [34mcolcon.colcon_core.package_identification[0m [1;30mLevel 1[0m _identify(msc/14568787b9f27199e9ec950aa0af565e) by extensions ['ros']
[1.765s] [34mcolcon.colcon_core.package_identification[0m [1;30mLevel 1[0m _identify(msc/14568787b9f27199e9ec950aa0af565e) by extension 'ros'
[1.766s] [34mcolcon.colcon_core.package_identification[0m [1;30mLevel 1[0m _identify(msc/14568787b9f27199e9ec950aa0af565e) by extensions ['cmake', 'python']
[1.766s] [34mcolcon.colcon_core.package_identification[0m [1;30mLevel 1[0m _identify(msc/14568787b9f27199e9ec950aa0af565e) by extension 'cmake'
[1.766s] [34mcolcon.colcon_core.package_identification[0m [1;30mLevel 1[0m _identify(msc/14568787b9f27199e9ec950aa0af565e) by extension 'python'
[1.766s] [34mcolcon.colcon_core.package_identification[0m [1;30mLevel 1[0m _identify(msc/14568787b9f27199e9ec950aa0af565e) by extensions ['python_setup_py']
[1.766s] [34mcolcon.colcon_core.package_identification[0m [1;30mLevel 1[0m _identify(msc/14568787b9f27199e9ec950aa0af565e) by extension 'python_setup_py'
[1.767s] [34mcolcon.colcon_core.package_identification[0m [1;30mLevel 1[0m _identify(src) by extensions ['ignore', 'ignore_ament_install']
[1.768s] [34mcolcon.colcon_core.package_identification[0m [1;30mLevel 1[0m _identify(src) by extension 'ignore'
[1.768s] [34mcolcon.colcon_core.package_identification[0m [1;30mLevel 1[0m _identify(src) by extension 'ignore_ament_install'
[1.768s] [34mcolcon.colcon_core.package_identification[0m [1;30mLevel 1[0m _identify(src) by extensions ['colcon_pkg']
[1.768s] [34mcolcon.colcon_core.package_identification[0m [1;30mLevel 1[0m _identify(src) by extension 'colcon_pkg'
[1.769s] [34mcolcon.colcon_core.package_identification[0m [1;30mLevel 1[0m _identify(src) by extensions ['colcon_meta']
[1.769s] [34mcolcon.colcon_core.package_identification[0m [1;30mLevel 1[0m _identify(src) by extension 'colcon_meta'
[1.769s] [34mcolcon.colcon_core.package_identification[0m [1;30mLevel 1[0m _identify(src) by extensions ['ros']
[1.769s] [34mcolcon.colcon_core.package_identification[0m [1;30mLevel 1[0m _identify(src) by extension 'ros'
[1.769s] [34mcolcon.colcon_core.package_identification[0m [1;30mLevel 1[0m _identify(src) by extensions ['cmake', 'python']
[1.769s] [34mcolcon.colcon_core.package_identification[0m [1;30mLevel 1[0m _identify(src) by extension 'cmake'
[1.770s] [34mcolcon.colcon_core.package_identification[0m [1;30mLevel 1[0m _identify(src) by extension 'python'
[1.770s] [34mcolcon.colcon_core.package_identification[0m [1;30mLevel 1[0m _identify(src) by extensions ['python_setup_py']
[1.770s] [34mcolcon.colcon_core.package_identification[0m [1;30mLevel 1[0m _identify(src) by extension 'python_setup_py'
[1.771s] [34mcolcon.colcon_core.package_identification[0m [1;30mLevel 1[0m _identify(src/jetrover_controller) by extensions ['ignore', 'ignore_ament_install']
[1.772s] [34mcolcon.colcon_core.package_identification[0m [1;30mLevel 1[0m _identify(src/jetrover_controller) by extension 'ignore'
[1.772s] [34mcolcon.colcon_core.package_identification[0m [1;30mLevel 1[0m _identify(src/jetrover_controller) by extension 'ignore_ament_install'
[1.772s] [34mcolcon.colcon_core.package_identification[0m [1;30mLevel 1[0m _identify(src/jetrover_controller) by extensions ['colcon_pkg']
[1.772s] [34mcolcon.colcon_core.package_identification[0m [1;30mLevel 1[0m _identify(src/jetrover_controller) by extension 'colcon_pkg'
[1.773s] [34mcolcon.colcon_core.package_identification[0m [1;30mLevel 1[0m _identify(src/jetrover_controller) by extensions ['colcon_meta']
[1.773s] [34mcolcon.colcon_core.package_identification[0m [1;30mLevel 1[0m _identify(src/jetrover_controller) by extension 'colcon_meta'
[1.773s] [34mcolcon.colcon_core.package_identification[0m [1;30mLevel 1[0m _identify(src/jetrover_controller) by extensions ['ros']
[1.773s] [34mcolcon.colcon_core.package_identification[0m [1;30mLevel 1[0m _identify(src/jetrover_controller) by extension 'ros'
[1.784s] [34mcolcon.colcon_core.package_identification[0m [1;30mDEBUG[0m [32mPackage 'src/jetrover_controller' with type 'ros.ament_python' and name 'jetrover_controller'[0m
[1.785s] [34mcolcon.colcon_core.package_discovery[0m [1;30mLevel 1[0m discover_packages(recursive) using defaults
[1.785s] [34mcolcon.colcon_core.package_discovery[0m [1;30mLevel 1[0m discover_packages(ignore) discover
[1.785s] [34mcolcon.colcon_core.package_discovery[0m [1;30mLevel 1[0m discover_packages(ignore) using defaults
[1.785s] [34mcolcon.colcon_core.package_discovery[0m [1;30mLevel 1[0m discover_packages(path) discover
[1.786s] [34mcolcon.colcon_core.package_discovery[0m [1;30mLevel 1[0m discover_packages(path) using defaults
[1.894s] [34mcolcon.colcon_core.package_discovery[0m [1;30mLevel 1[0m discover_packages(prefix_path) check parameters
[1.895s] [34mcolcon.colcon_core.package_discovery[0m [1;30mLevel 1[0m discover_packages(prefix_path) discover
[1.921s] [34mcolcon.colcon_installed_package_information.package_discovery[0m [1;30mDEBUG[0m [32mFound 14 installed packages in /home/ubuntu/third_party_ros2/rtabmap_ws/install[0m
[1.924s] [34mcolcon.colcon_installed_package_information.package_discovery[0m [1;30mDEBUG[0m [32mFound 3 installed packages in /home/ubuntu/third_party_ros2/orbbec_ws/install[0m
[1.927s] [34mcolcon.colcon_installed_package_information.package_discovery[0m [1;30mDEBUG[0m [32mFound 15 installed packages in /home/ubuntu/third_party_ros2/third_party_ws/install[0m
[1.935s] [34mcolcon.colcon_installed_package_information.package_discovery[0m [1;30mDEBUG[0m [32mFound 19 installed packages in /home/ubuntu/ros2_ws/install[0m
[1.942s] [34mcolcon.colcon_installed_package_information.package_discovery[0m [1;30mDEBUG[0m [32mFound 357 installed packages in /opt/ros/humble[0m
[1.947s] [34mcolcon.colcon_core.package_discovery[0m [1;30mLevel 1[0m discover_packages(prefix_path) using defaults
[2.380s] [34mcolcon.colcon_core.verb[0m [1;30mLevel 5[0m set package 'jetrover_controller' build argument 'cmake_args' from command line to 'None'
[2.380s] [34mcolcon.colcon_core.verb[0m [1;30mLevel 5[0m set package 'jetrover_controller' build argument 'cmake_target' from command line to 'None'
[2.381s] [34mcolcon.colcon_core.verb[0m [1;30mLevel 5[0m set package 'jetrover_controller' build argument 'cmake_target_skip_unavailable' from command line to 'False'
[2.381s] [34mcolcon.colcon_core.verb[0m [1;30mLevel 5[0m set package 'jetrover_controller' build argument 'cmake_clean_cache' from command line to 'False'
[2.381s] [34mcolcon.colcon_core.verb[0m [1;30mLevel 5[0m set package 'jetrover_controller' build argument 'cmake_clean_first' from command line to 'False'
[2.381s] [34mcolcon.colcon_core.verb[0m [1;30mLevel 5[0m set package 'jetrover_controller' build argument 'cmake_force_configure' from command line to 'False'
[2.381s] [34mcolcon.colcon_core.verb[0m [1;30mLevel 5[0m set package 'jetrover_controller' build argument 'ament_cmake_args' from command line to 'None'
[2.381s] [34mcolcon.colcon_core.verb[0m [1;30mLevel 5[0m set package 'jetrover_controller' build argument 'catkin_cmake_args' from command line to 'None'
[2.381s] [34mcolcon.colcon_core.verb[0m [1;30mLevel 5[0m set package 'jetrover_controller' build argument 'catkin_skip_building_tests' from command line to 'False'
[2.381s] [34mcolcon.colcon_core.verb[0m [1;30mDEBUG[0m [32mBuilding package 'jetrover_controller' with the following arguments: {'ament_cmake_args': None, 'build_base': '/home/ubuntu/axy_proj/build/jetrover_controller', 'catkin_cmake_args': None, 'catkin_skip_building_tests': False, 'cmake_args': None, 'cmake_clean_cache': False, 'cmake_clean_first': False, 'cmake_force_configure': False, 'cmake_target': None, 'cmake_target_skip_unavailable': False, 'install_base': '/home/ubuntu/axy_proj/install/jetrover_controller', 'merge_install': False, 'path': '/home/ubuntu/axy_proj/src/jetrover_controller', 'symlink_install': False, 'test_result_base': None}[0m
[2.382s] [34mcolcon.colcon_core.executor[0m [1;30mINFO[0m Executing jobs using 'parallel' executor
[2.384s] [34mcolcon.colcon_parallel_executor.executor.parallel[0m [1;30mDEBUG[0m [32mrun_until_complete[0m
[2.385s] [34mcolcon.colcon_ros.task.ament_python.build[0m [1;30mINFO[0m Building ROS package in '/home/ubuntu/axy_proj/src/jetrover_controller' with build type 'ament_python'
[2.385s] [34mcolcon.colcon_core.shell[0m [1;30mLevel 1[0m create_environment_hook('jetrover_controller', 'ament_prefix_path')
[2.398s] [34mcolcon.colcon_core.plugin_system[0m [1;30mINFO[0m Skipping extension 'colcon_core.shell.bat': Not used on non-Windows systems
[2.398s] [34mcolcon.colcon_core.shell[0m [1;30mINFO[0m Creating environment hook '/home/ubuntu/axy_proj/install/jetrover_controller/share/jetrover_controller/hook/ament_prefix_path.ps1'
[2.404s] [34mcolcon.colcon_core.shell[0m [1;30mINFO[0m Creating environment descriptor '/home/ubuntu/axy_proj/install/jetrover_controller/share/jetrover_controller/hook/ament_prefix_path.dsv'
[2.406s] [34mcolcon.colcon_core.shell[0m [1;30mINFO[0m Creating environment hook '/home/ubuntu/axy_proj/install/jetrover_controller/share/jetrover_controller/hook/ament_prefix_path.sh'
[2.409s] [34mcolcon.colcon_core.shell[0m [1;30mINFO[0m Skip shell extension 'powershell' for command environment: Not usable outside of PowerShell
[2.409s] [34mcolcon.colcon_core.shell[0m [1;30mDEBUG[0m [32mSkip shell extension 'dsv' for command environment[0m
[6.826s] [34mcolcon.colcon_core.task.python.build[0m [1;30mINFO[0m Building Python package in '/home/ubuntu/axy_proj/src/jetrover_controller'
[6.827s] [34mcolcon.colcon_core.shell[0m [1;30mINFO[0m Skip shell extension 'powershell' for command environment: Not usable outside of PowerShell
[6.828s] [34mcolcon.colcon_core.shell[0m [1;30mDEBUG[0m [32mSkip shell extension 'dsv' for command environment[0m
[11.405s] [34mcolcon.colcon_core.event_handler.log_command[0m [1;30mDEBUG[0m [32mInvoking command in '/home/ubuntu/axy_proj/src/jetrover_controller': PYTHONPATH=/home/ubuntu/axy_proj/build/jetrover_controller/prefix_override:/home/ubuntu/axy_proj/install/jetrover_controller/lib/python3.10/site-packages:${PYTHONPATH} /usr/bin/python3 -W ignore:setup.py install is deprecated setup.py egg_info --egg-base ../../build/jetrover_controller build --build-base /home/ubuntu/axy_proj/build/jetrover_controller/build install --record /home/ubuntu/axy_proj/build/jetrover_controller/install.log --single-version-externally-managed install_data[0m
[14.693s] [34mcolcon.colcon_core.event_handler.log_command[0m [1;30mDEBUG[0m [32mInvoked command in '/home/ubuntu/axy_proj/src/jetrover_controller' returned '0': PYTHONPATH=/home/ubuntu/axy_proj/build/jetrover_controller/prefix_override:/home/ubuntu/axy_proj/install/jetrover_controller/lib/python3.10/site-packages:${PYTHONPATH} /usr/bin/python3 -W ignore:setup.py install is deprecated setup.py egg_info --egg-base ../../build/jetrover_controller build --build-base /home/ubuntu/axy_proj/build/jetrover_controller/build install --record /home/ubuntu/axy_proj/build/jetrover_controller/install.log --single-version-externally-managed install_data[0m
[14.713s] [34mcolcon.colcon_core.environment[0m [1;30mLevel 1[0m checking '/home/ubuntu/axy_proj/install/jetrover_controller' for CMake module files
[14.715s] [34mcolcon.colcon_core.environment[0m [1;30mLevel 1[0m checking '/home/ubuntu/axy_proj/install/jetrover_controller' for CMake config files
[14.727s] [34mcolcon.colcon_core.environment[0m [1;30mLevel 1[0m checking '/home/ubuntu/axy_proj/install/jetrover_controller/lib'
[14.728s] [34mcolcon.colcon_core.environment[0m [1;30mLevel 1[0m checking '/home/ubuntu/axy_proj/install/jetrover_controller/bin'
[14.729s] [34mcolcon.colcon_core.environment[0m [1;30mLevel 1[0m checking '/home/ubuntu/axy_proj/install/jetrover_controller/lib/pkgconfig/jetrover_controller.pc'
[14.730s] [34mcolcon.colcon_core.environment[0m [1;30mLevel 1[0m checking '/home/ubuntu/axy_proj/install/jetrover_controller/lib/python3.10/site-packages'
[14.730s] [34mcolcon.colcon_core.shell[0m [1;30mLevel 1[0m create_environment_hook('jetrover_controller', 'pythonpath')
[14.736s] [34mcolcon.colcon_core.shell[0m [1;30mINFO[0m Creating environment hook '/home/ubuntu/axy_proj/install/jetrover_controller/share/jetrover_controller/hook/pythonpath.ps1'
[14.739s] [34mcolcon.colcon_core.shell[0m [1;30mINFO[0m Creating environment descriptor '/home/ubuntu/axy_proj/install/jetrover_controller/share/jetrover_controller/hook/pythonpath.dsv'
[14.744s] [34mcolcon.colcon_core.shell[0m [1;30mINFO[0m Creating environment hook '/home/ubuntu/axy_proj/install/jetrover_controller/share/jetrover_controller/hook/pythonpath.sh'
[14.750s] [34mcolcon.colcon_core.environment[0m [1;30mLevel 1[0m checking '/home/ubuntu/axy_proj/install/jetrover_controller/bin'
[14.753s] [34mcolcon.colcon_core.environment[0m [1;30mLevel 1[0m create_environment_scripts_only(jetrover_controller)
[14.755s] [34mcolcon.colcon_core.shell[0m [1;30mINFO[0m Creating package script '/home/ubuntu/axy_proj/install/jetrover_controller/share/jetrover_controller/package.ps1'
[14.760s] [34mcolcon.colcon_core.shell[0m [1;30mINFO[0m Creating package descriptor '/home/ubuntu/axy_proj/install/jetrover_controller/share/jetrover_controller/package.dsv'
[14.764s] [34mcolcon.colcon_core.shell[0m [1;30mINFO[0m Creating package script '/home/ubuntu/axy_proj/install/jetrover_controller/share/jetrover_controller/package.sh'
[14.768s] [34mcolcon.colcon_core.shell[0m [1;30mINFO[0m Creating package script '/home/ubuntu/axy_proj/install/jetrover_controller/share/jetrover_controller/package.bash'
[14.771s] [34mcolcon.colcon_core.shell[0m [1;30mINFO[0m Creating package script '/home/ubuntu/axy_proj/install/jetrover_controller/share/jetrover_controller/package.zsh'
[14.822s] [34mcolcon.colcon_core.environment[0m [1;30mLevel 1[0m create_file_with_runtime_dependencies(/home/ubuntu/axy_proj/install/jetrover_controller/share/colcon-core/packages/jetrover_controller)
[14.827s] [34mcolcon.colcon_parallel_executor.executor.parallel[0m [1;30mDEBUG[0m [32mclosing loop[0m
[14.829s] [34mcolcon.colcon_parallel_executor.executor.parallel[0m [1;30mDEBUG[0m [32mloop closed[0m
[14.829s] [34mcolcon.colcon_parallel_executor.executor.parallel[0m [1;30mDEBUG[0m [32mrun_until_complete finished with '0'[0m
[14.829s] [34mcolcon.colcon_core.event_reactor[0m [1;30mDEBUG[0m [32mjoining thread[0m
[14.879s] [34mcolcon.colcon_core.plugin_system[0m [1;30mINFO[0m Skipping extension 'colcon_notification.desktop_notification.terminal_notifier': Not used on non-Darwin systems
[14.880s] [34mcolcon.colcon_core.plugin_system[0m [1;30mINFO[0m Skipping extension 'colcon_notification.desktop_notification.win32': Not used on non-Windows systems
[14.880s] [34mcolcon.colcon_notification.desktop_notification[0m [1;30mINFO[0m Sending desktop notification using 'notify2'
[15.227s] [34mcolcon.colcon_core.event_reactor[0m [1;30mDEBUG[0m [32mjoined thread[0m
[15.230s] [34mcolcon.colcon_core.shell[0m [1;30mINFO[0m Creating prefix script '/home/ubuntu/axy_proj/install/local_setup.ps1'
[15.233s] [34mcolcon.colcon_core.shell[0m [1;30mINFO[0m Creating prefix util module '/home/ubuntu/axy_proj/install/_local_setup_util_ps1.py'
[15.238s] [34mcolcon.colcon_core.shell[0m [1;30mINFO[0m Creating prefix chain script '/home/ubuntu/axy_proj/install/setup.ps1'
[15.259s] [34mcolcon.colcon_core.shell[0m [1;30mINFO[0m Creating prefix script '/home/ubuntu/axy_proj/install/local_setup.sh'
[15.261s] [34mcolcon.colcon_core.shell[0m [1;30mINFO[0m Creating prefix util module '/home/ubuntu/axy_proj/install/_local_setup_util_sh.py'
[15.263s] [34mcolcon.colcon_core.shell[0m [1;30mINFO[0m Creating prefix chain script '/home/ubuntu/axy_proj/install/setup.sh'
[15.273s] [34mcolcon.colcon_core.shell[0m [1;30mINFO[0m Creating prefix script '/home/ubuntu/axy_proj/install/local_setup.bash'
[15.275s] [34mcolcon.colcon_core.shell[0m [1;30mINFO[0m Creating prefix chain script '/home/ubuntu/axy_proj/install/setup.bash'
[15.297s] [34mcolcon.colcon_core.shell[0m [1;30mINFO[0m Creating prefix script '/home/ubuntu/axy_proj/install/local_setup.zsh'
[15.299s] [34mcolcon.colcon_core.shell[0m [1;30mINFO[0m Creating prefix chain script '/home/ubuntu/axy_proj/install/setup.zsh'
