running egg_info
writing ../../build/jetrover_controller/jetrover_controller.egg-info/PKG-INFO
writing dependency_links to ../../build/jetrover_controller/jetrover_controller.egg-info/dependency_links.txt
writing entry points to ../../build/jetrover_controller/jetrover_controller.egg-info/entry_points.txt
writing requirements to ../../build/jetrover_controller/jetrover_controller.egg-info/requires.txt
writing top-level names to ../../build/jetrover_controller/jetrover_controller.egg-info/top_level.txt
reading manifest file '../../build/jetrover_controller/jetrover_controller.egg-info/SOURCES.txt'
writing manifest file '../../build/jetrover_controller/jetrover_controller.egg-info/SOURCES.txt'
running build
running build_py
copying jetrover_controller/enhanced_dance.py -> /home/ubuntu/axy_proj/build/jetrover_controller/build/lib/jetrover_controller
copying jetrover_controller/buzzer_stop.py -> /home/ubuntu/axy_proj/build/jetrover_controller/build/lib/jetrover_controller
copying jetrover_controller/move_arm (copy).py -> /home/ubuntu/axy_proj/build/jetrover_controller/build/lib/jetrover_controller
copying jetrover_controller/robot_synchronizer.py -> /home/ubuntu/axy_proj/build/jetrover_controller/build/lib/jetrover_controller
copying jetrover_controller/lidar_safety.py -> /home/ubuntu/axy_proj/build/jetrover_controller/build/lib/jetrover_controller
copying jetrover_controller/robot_sync.py -> /home/ubuntu/axy_proj/build/jetrover_controller/build/lib/jetrover_controller
copying jetrover_controller/move_arm.py -> /home/ubuntu/axy_proj/build/jetrover_controller/build/lib/jetrover_controller
copying jetrover_controller/keyboard.py -> /home/ubuntu/axy_proj/build/jetrover_controller/build/lib/jetrover_controller
copying jetrover_controller/move_robot.py -> /home/ubuntu/axy_proj/build/jetrover_controller/build/lib/jetrover_controller
copying jetrover_controller/move_robot copy.py -> /home/ubuntu/axy_proj/build/jetrover_controller/build/lib/jetrover_controller
copying jetrover_controller/resource.py -> /home/ubuntu/axy_proj/build/jetrover_controller/build/lib/jetrover_controller
copying jetrover_controller/web.py -> /home/ubuntu/axy_proj/build/jetrover_controller/build/lib/jetrover_controller
copying jetrover_controller/__init__.py -> /home/ubuntu/axy_proj/build/jetrover_controller/build/lib/jetrover_controller
copying jetrover_controller/control_gui.py -> /home/ubuntu/axy_proj/build/jetrover_controller/build/lib/jetrover_controller
copying jetrover_controller/robot_manager.py -> /home/ubuntu/axy_proj/build/jetrover_controller/build/lib/jetrover_controller
copying jetrover_controller/dance_attempt.py -> /home/ubuntu/axy_proj/build/jetrover_controller/build/lib/jetrover_controller
running install
running install_lib
copying /home/ubuntu/axy_proj/build/jetrover_controller/build/lib/jetrover_controller/enhanced_dance.py -> /home/ubuntu/axy_proj/install/jetrover_controller/lib/python3.10/site-packages/jetrover_controller
copying /home/ubuntu/axy_proj/build/jetrover_controller/build/lib/jetrover_controller/buzzer_stop.py -> /home/ubuntu/axy_proj/install/jetrover_controller/lib/python3.10/site-packages/jetrover_controller
copying /home/ubuntu/axy_proj/build/jetrover_controller/build/lib/jetrover_controller/move_arm (copy).py -> /home/ubuntu/axy_proj/install/jetrover_controller/lib/python3.10/site-packages/jetrover_controller
copying /home/ubuntu/axy_proj/build/jetrover_controller/build/lib/jetrover_controller/robot_synchronizer.py -> /home/ubuntu/axy_proj/install/jetrover_controller/lib/python3.10/site-packages/jetrover_controller
copying /home/ubuntu/axy_proj/build/jetrover_controller/build/lib/jetrover_controller/lidar_safety.py -> /home/ubuntu/axy_proj/install/jetrover_controller/lib/python3.10/site-packages/jetrover_controller
copying /home/ubuntu/axy_proj/build/jetrover_controller/build/lib/jetrover_controller/robot_sync.py -> /home/ubuntu/axy_proj/install/jetrover_controller/lib/python3.10/site-packages/jetrover_controller
copying /home/ubuntu/axy_proj/build/jetrover_controller/build/lib/jetrover_controller/move_arm.py -> /home/ubuntu/axy_proj/install/jetrover_controller/lib/python3.10/site-packages/jetrover_controller
copying /home/ubuntu/axy_proj/build/jetrover_controller/build/lib/jetrover_controller/keyboard.py -> /home/ubuntu/axy_proj/install/jetrover_controller/lib/python3.10/site-packages/jetrover_controller
copying /home/ubuntu/axy_proj/build/jetrover_controller/build/lib/jetrover_controller/move_robot.py -> /home/ubuntu/axy_proj/install/jetrover_controller/lib/python3.10/site-packages/jetrover_controller
copying /home/ubuntu/axy_proj/build/jetrover_controller/build/lib/jetrover_controller/move_robot copy.py -> /home/ubuntu/axy_proj/install/jetrover_controller/lib/python3.10/site-packages/jetrover_controller
copying /home/ubuntu/axy_proj/build/jetrover_controller/build/lib/jetrover_controller/resource.py -> /home/ubuntu/axy_proj/install/jetrover_controller/lib/python3.10/site-packages/jetrover_controller
copying /home/ubuntu/axy_proj/build/jetrover_controller/build/lib/jetrover_controller/web.py -> /home/ubuntu/axy_proj/install/jetrover_controller/lib/python3.10/site-packages/jetrover_controller
copying /home/ubuntu/axy_proj/build/jetrover_controller/build/lib/jetrover_controller/__init__.py -> /home/ubuntu/axy_proj/install/jetrover_controller/lib/python3.10/site-packages/jetrover_controller
copying /home/ubuntu/axy_proj/build/jetrover_controller/build/lib/jetrover_controller/control_gui.py -> /home/ubuntu/axy_proj/install/jetrover_controller/lib/python3.10/site-packages/jetrover_controller
copying /home/ubuntu/axy_proj/build/jetrover_controller/build/lib/jetrover_controller/robot_manager.py -> /home/ubuntu/axy_proj/install/jetrover_controller/lib/python3.10/site-packages/jetrover_controller
copying /home/ubuntu/axy_proj/build/jetrover_controller/build/lib/jetrover_controller/dance_attempt.py -> /home/ubuntu/axy_proj/install/jetrover_controller/lib/python3.10/site-packages/jetrover_controller
byte-compiling /home/ubuntu/axy_proj/install/jetrover_controller/lib/python3.10/site-packages/jetrover_controller/enhanced_dance.py to enhanced_dance.cpython-310.pyc
byte-compiling /home/ubuntu/axy_proj/install/jetrover_controller/lib/python3.10/site-packages/jetrover_controller/buzzer_stop.py to buzzer_stop.cpython-310.pyc
byte-compiling /home/ubuntu/axy_proj/install/jetrover_controller/lib/python3.10/site-packages/jetrover_controller/move_arm (copy).py to move_arm (copy).cpython-310.pyc
byte-compiling /home/ubuntu/axy_proj/install/jetrover_controller/lib/python3.10/site-packages/jetrover_controller/robot_synchronizer.py to robot_synchronizer.cpython-310.pyc
byte-compiling /home/ubuntu/axy_proj/install/jetrover_controller/lib/python3.10/site-packages/jetrover_controller/lidar_safety.py to lidar_safety.cpython-310.pyc
byte-compiling /home/ubuntu/axy_proj/install/jetrover_controller/lib/python3.10/site-packages/jetrover_controller/robot_sync.py to robot_sync.cpython-310.pyc
byte-compiling /home/ubuntu/axy_proj/install/jetrover_controller/lib/python3.10/site-packages/jetrover_controller/move_arm.py to move_arm.cpython-310.pyc
byte-compiling /home/ubuntu/axy_proj/install/jetrover_controller/lib/python3.10/site-packages/jetrover_controller/keyboard.py to keyboard.cpython-310.pyc
byte-compiling /home/ubuntu/axy_proj/install/jetrover_controller/lib/python3.10/site-packages/jetrover_controller/move_robot.py to move_robot.cpython-310.pyc
byte-compiling /home/ubuntu/axy_proj/install/jetrover_controller/lib/python3.10/site-packages/jetrover_controller/move_robot copy.py to move_robot copy.cpython-310.pyc
byte-compiling /home/ubuntu/axy_proj/install/jetrover_controller/lib/python3.10/site-packages/jetrover_controller/resource.py to resource.cpython-310.pyc
byte-compiling /home/ubuntu/axy_proj/install/jetrover_controller/lib/python3.10/site-packages/jetrover_controller/web.py to web.cpython-310.pyc
byte-compiling /home/ubuntu/axy_proj/install/jetrover_controller/lib/python3.10/site-packages/jetrover_controller/__init__.py to __init__.cpython-310.pyc
byte-compiling /home/ubuntu/axy_proj/install/jetrover_controller/lib/python3.10/site-packages/jetrover_controller/control_gui.py to control_gui.cpython-310.pyc
byte-compiling /home/ubuntu/axy_proj/install/jetrover_controller/lib/python3.10/site-packages/jetrover_controller/robot_manager.py to robot_manager.cpython-310.pyc
byte-compiling /home/ubuntu/axy_proj/install/jetrover_controller/lib/python3.10/site-packages/jetrover_controller/dance_attempt.py to dance_attempt.cpython-310.pyc
running install_data
copying resource/jetrover_controller -> /home/ubuntu/axy_proj/install/jetrover_controller/share/ament_index/resource_index/packages
copying package.xml -> /home/ubuntu/axy_proj/install/jetrover_controller/share/jetrover_controller
running install_egg_info
removing '/home/ubuntu/axy_proj/install/jetrover_controller/lib/python3.10/site-packages/jetrover_controller-0.0.0-py3.10.egg-info' (and everything under it)
Copying ../../build/jetrover_controller/jetrover_controller.egg-info to /home/ubuntu/axy_proj/install/jetrover_controller/lib/python3.10/site-packages/jetrover_controller-0.0.0-py3.10.egg-info
running install_scripts
Installing buzzer_stop script to /home/ubuntu/axy_proj/install/jetrover_controller/lib/jetrover_controller
Installing dance_attempt script to /home/ubuntu/axy_proj/install/jetrover_controller/lib/jetrover_controller
Installing enhanced_dance script to /home/ubuntu/axy_proj/install/jetrover_controller/lib/jetrover_controller
Installing gui script to /home/ubuntu/axy_proj/install/jetrover_controller/lib/jetrover_controller
Installing keyboard script to /home/ubuntu/axy_proj/install/jetrover_controller/lib/jetrover_controller
Installing lidar_safety script to /home/ubuntu/axy_proj/install/jetrover_controller/lib/jetrover_controller
Installing move_arm script to /home/ubuntu/axy_proj/install/jetrover_controller/lib/jetrover_controller
Installing move_robot script to /home/ubuntu/axy_proj/install/jetrover_controller/lib/jetrover_controller
Installing robo_manager script to /home/ubuntu/axy_proj/install/jetrover_controller/lib/jetrover_controller
Installing robot_sync script to /home/ubuntu/axy_proj/install/jetrover_controller/lib/jetrover_controller
writing list of installed files to '/home/ubuntu/axy_proj/build/jetrover_controller/install.log'
