[2.766s] Invoking command in '/home/ubuntu/axy_proj/src/jetrover_controller': PYTHONPATH=/home/ubuntu/axy_proj/build/jetrover_controller/prefix_override:/home/ubuntu/axy_proj/install/jetrover_controller/lib/python3.10/site-packages:${PYTHONPATH} /usr/bin/python3 -W ignore:setup.py install is deprecated setup.py egg_info --egg-base ../../build/jetrover_controller build --build-base /home/ubuntu/axy_proj/build/jetrover_controller/build install --record /home/ubuntu/axy_proj/build/jetrover_controller/install.log --single-version-externally-managed install_data
[3.544s] running egg_info
[3.586s] writing ../../build/jetrover_controller/jetrover_controller.egg-info/PKG-INFO
[3.587s] writing dependency_links to ../../build/jetrover_controller/jetrover_controller.egg-info/dependency_links.txt
[3.588s] writing entry points to ../../build/jetrover_controller/jetrover_controller.egg-info/entry_points.txt
[3.588s] writing requirements to ../../build/jetrover_controller/jetrover_controller.egg-info/requires.txt
[3.589s] writing top-level names to ../../build/jetrover_controller/jetrover_controller.egg-info/top_level.txt
[3.676s] reading manifest file '../../build/jetrover_controller/jetrover_controller.egg-info/SOURCES.txt'
[3.678s] writing manifest file '../../build/jetrover_controller/jetrover_controller.egg-info/SOURCES.txt'
[3.679s] running build
[3.679s] running build_py
[3.679s] copying jetrover_controller/enhanced_dance.py -> /home/ubuntu/axy_proj/build/jetrover_controller/build/lib/jetrover_controller
[3.680s] copying jetrover_controller/buzzer_stop.py -> /home/ubuntu/axy_proj/build/jetrover_controller/build/lib/jetrover_controller
[3.680s] copying jetrover_controller/move_arm (copy).py -> /home/ubuntu/axy_proj/build/jetrover_controller/build/lib/jetrover_controller
[3.681s] copying jetrover_controller/robot_synchronizer.py -> /home/ubuntu/axy_proj/build/jetrover_controller/build/lib/jetrover_controller
[3.681s] copying jetrover_controller/lidar_safety.py -> /home/ubuntu/axy_proj/build/jetrover_controller/build/lib/jetrover_controller
[3.681s] copying jetrover_controller/robot_sync.py -> /home/ubuntu/axy_proj/build/jetrover_controller/build/lib/jetrover_controller
[3.682s] copying jetrover_controller/move_arm.py -> /home/ubuntu/axy_proj/build/jetrover_controller/build/lib/jetrover_controller
[3.682s] copying jetrover_controller/keyboard.py -> /home/ubuntu/axy_proj/build/jetrover_controller/build/lib/jetrover_controller
[3.682s] copying jetrover_controller/move_robot.py -> /home/ubuntu/axy_proj/build/jetrover_controller/build/lib/jetrover_controller
[3.683s] copying jetrover_controller/move_robot copy.py -> /home/ubuntu/axy_proj/build/jetrover_controller/build/lib/jetrover_controller
[3.683s] copying jetrover_controller/resource.py -> /home/ubuntu/axy_proj/build/jetrover_controller/build/lib/jetrover_controller
[3.683s] copying jetrover_controller/web.py -> /home/ubuntu/axy_proj/build/jetrover_controller/build/lib/jetrover_controller
[3.684s] copying jetrover_controller/__init__.py -> /home/ubuntu/axy_proj/build/jetrover_controller/build/lib/jetrover_controller
[3.684s] copying jetrover_controller/control_gui.py -> /home/ubuntu/axy_proj/build/jetrover_controller/build/lib/jetrover_controller
[3.684s] copying jetrover_controller/robot_manager.py -> /home/ubuntu/axy_proj/build/jetrover_controller/build/lib/jetrover_controller
[3.685s] copying jetrover_controller/dance_attempt.py -> /home/ubuntu/axy_proj/build/jetrover_controller/build/lib/jetrover_controller
[3.686s] running install
[3.698s] running install_lib
[3.741s] copying /home/ubuntu/axy_proj/build/jetrover_controller/build/lib/jetrover_controller/enhanced_dance.py -> /home/ubuntu/axy_proj/install/jetrover_controller/lib/python3.10/site-packages/jetrover_controller
[3.741s] copying /home/ubuntu/axy_proj/build/jetrover_controller/build/lib/jetrover_controller/buzzer_stop.py -> /home/ubuntu/axy_proj/install/jetrover_controller/lib/python3.10/site-packages/jetrover_controller
[3.742s] copying /home/ubuntu/axy_proj/build/jetrover_controller/build/lib/jetrover_controller/move_arm (copy).py -> /home/ubuntu/axy_proj/install/jetrover_controller/lib/python3.10/site-packages/jetrover_controller
[3.742s] copying /home/ubuntu/axy_proj/build/jetrover_controller/build/lib/jetrover_controller/robot_synchronizer.py -> /home/ubuntu/axy_proj/install/jetrover_controller/lib/python3.10/site-packages/jetrover_controller
[3.743s] copying /home/ubuntu/axy_proj/build/jetrover_controller/build/lib/jetrover_controller/lidar_safety.py -> /home/ubuntu/axy_proj/install/jetrover_controller/lib/python3.10/site-packages/jetrover_controller
[3.743s] copying /home/ubuntu/axy_proj/build/jetrover_controller/build/lib/jetrover_controller/robot_sync.py -> /home/ubuntu/axy_proj/install/jetrover_controller/lib/python3.10/site-packages/jetrover_controller
[3.743s] copying /home/ubuntu/axy_proj/build/jetrover_controller/build/lib/jetrover_controller/move_arm.py -> /home/ubuntu/axy_proj/install/jetrover_controller/lib/python3.10/site-packages/jetrover_controller
[3.744s] copying /home/ubuntu/axy_proj/build/jetrover_controller/build/lib/jetrover_controller/keyboard.py -> /home/ubuntu/axy_proj/install/jetrover_controller/lib/python3.10/site-packages/jetrover_controller
[3.744s] copying /home/ubuntu/axy_proj/build/jetrover_controller/build/lib/jetrover_controller/move_robot.py -> /home/ubuntu/axy_proj/install/jetrover_controller/lib/python3.10/site-packages/jetrover_controller
[3.744s] copying /home/ubuntu/axy_proj/build/jetrover_controller/build/lib/jetrover_controller/move_robot copy.py -> /home/ubuntu/axy_proj/install/jetrover_controller/lib/python3.10/site-packages/jetrover_controller
[3.745s] copying /home/ubuntu/axy_proj/build/jetrover_controller/build/lib/jetrover_controller/resource.py -> /home/ubuntu/axy_proj/install/jetrover_controller/lib/python3.10/site-packages/jetrover_controller
[3.745s] copying /home/ubuntu/axy_proj/build/jetrover_controller/build/lib/jetrover_controller/web.py -> /home/ubuntu/axy_proj/install/jetrover_controller/lib/python3.10/site-packages/jetrover_controller
[3.745s] copying /home/ubuntu/axy_proj/build/jetrover_controller/build/lib/jetrover_controller/__init__.py -> /home/ubuntu/axy_proj/install/jetrover_controller/lib/python3.10/site-packages/jetrover_controller
[3.745s] copying /home/ubuntu/axy_proj/build/jetrover_controller/build/lib/jetrover_controller/control_gui.py -> /home/ubuntu/axy_proj/install/jetrover_controller/lib/python3.10/site-packages/jetrover_controller
[3.746s] copying /home/ubuntu/axy_proj/build/jetrover_controller/build/lib/jetrover_controller/robot_manager.py -> /home/ubuntu/axy_proj/install/jetrover_controller/lib/python3.10/site-packages/jetrover_controller
[3.746s] copying /home/ubuntu/axy_proj/build/jetrover_controller/build/lib/jetrover_controller/dance_attempt.py -> /home/ubuntu/axy_proj/install/jetrover_controller/lib/python3.10/site-packages/jetrover_controller
[3.748s] byte-compiling /home/ubuntu/axy_proj/install/jetrover_controller/lib/python3.10/site-packages/jetrover_controller/enhanced_dance.py to enhanced_dance.cpython-310.pyc
[3.754s] byte-compiling /home/ubuntu/axy_proj/install/jetrover_controller/lib/python3.10/site-packages/jetrover_controller/buzzer_stop.py to buzzer_stop.cpython-310.pyc
[3.755s] byte-compiling /home/ubuntu/axy_proj/install/jetrover_controller/lib/python3.10/site-packages/jetrover_controller/move_arm (copy).py to move_arm (copy).cpython-310.pyc
[3.756s] byte-compiling /home/ubuntu/axy_proj/install/jetrover_controller/lib/python3.10/site-packages/jetrover_controller/robot_synchronizer.py to robot_synchronizer.cpython-310.pyc
[3.757s] byte-compiling /home/ubuntu/axy_proj/install/jetrover_controller/lib/python3.10/site-packages/jetrover_controller/lidar_safety.py to lidar_safety.cpython-310.pyc
[3.758s] byte-compiling /home/ubuntu/axy_proj/install/jetrover_controller/lib/python3.10/site-packages/jetrover_controller/robot_sync.py to robot_sync.cpython-310.pyc
[3.759s] byte-compiling /home/ubuntu/axy_proj/install/jetrover_controller/lib/python3.10/site-packages/jetrover_controller/move_arm.py to move_arm.cpython-310.pyc
[3.761s] byte-compiling /home/ubuntu/axy_proj/install/jetrover_controller/lib/python3.10/site-packages/jetrover_controller/keyboard.py to keyboard.cpython-310.pyc
[3.763s] byte-compiling /home/ubuntu/axy_proj/install/jetrover_controller/lib/python3.10/site-packages/jetrover_controller/move_robot.py to move_robot.cpython-310.pyc
[3.765s] byte-compiling /home/ubuntu/axy_proj/install/jetrover_controller/lib/python3.10/site-packages/jetrover_controller/move_robot copy.py to move_robot copy.cpython-310.pyc
[3.766s] byte-compiling /home/ubuntu/axy_proj/install/jetrover_controller/lib/python3.10/site-packages/jetrover_controller/resource.py to resource.cpython-310.pyc
[3.767s] byte-compiling /home/ubuntu/axy_proj/install/jetrover_controller/lib/python3.10/site-packages/jetrover_controller/web.py to web.cpython-310.pyc
[3.769s] byte-compiling /home/ubuntu/axy_proj/install/jetrover_controller/lib/python3.10/site-packages/jetrover_controller/__init__.py to __init__.cpython-310.pyc
[3.769s] byte-compiling /home/ubuntu/axy_proj/install/jetrover_controller/lib/python3.10/site-packages/jetrover_controller/control_gui.py to control_gui.cpython-310.pyc
[3.774s] byte-compiling /home/ubuntu/axy_proj/install/jetrover_controller/lib/python3.10/site-packages/jetrover_controller/robot_manager.py to robot_manager.cpython-310.pyc
[3.779s] byte-compiling /home/ubuntu/axy_proj/install/jetrover_controller/lib/python3.10/site-packages/jetrover_controller/dance_attempt.py to dance_attempt.cpython-310.pyc
[3.782s] running install_data
[3.783s] copying resource/jetrover_controller -> /home/ubuntu/axy_proj/install/jetrover_controller/share/ament_index/resource_index/packages
[3.783s] copying package.xml -> /home/ubuntu/axy_proj/install/jetrover_controller/share/jetrover_controller
[3.783s] running install_egg_info
[3.831s] removing '/home/ubuntu/axy_proj/install/jetrover_controller/lib/python3.10/site-packages/jetrover_controller-0.0.0-py3.10.egg-info' (and everything under it)
[3.831s] Copying ../../build/jetrover_controller/jetrover_controller.egg-info to /home/ubuntu/axy_proj/install/jetrover_controller/lib/python3.10/site-packages/jetrover_controller-0.0.0-py3.10.egg-info
[3.833s] running install_scripts
[4.211s] Installing buzzer_stop script to /home/ubuntu/axy_proj/install/jetrover_controller/lib/jetrover_controller
[4.212s] Installing dance_attempt script to /home/ubuntu/axy_proj/install/jetrover_controller/lib/jetrover_controller
[4.212s] Installing enhanced_dance script to /home/ubuntu/axy_proj/install/jetrover_controller/lib/jetrover_controller
[4.213s] Installing gui script to /home/ubuntu/axy_proj/install/jetrover_controller/lib/jetrover_controller
[4.213s] Installing keyboard script to /home/ubuntu/axy_proj/install/jetrover_controller/lib/jetrover_controller
[4.213s] Installing lidar_safety script to /home/ubuntu/axy_proj/install/jetrover_controller/lib/jetrover_controller
[4.213s] Installing move_arm script to /home/ubuntu/axy_proj/install/jetrover_controller/lib/jetrover_controller
[4.214s] Installing move_robot script to /home/ubuntu/axy_proj/install/jetrover_controller/lib/jetrover_controller
[4.214s] Installing robo_manager script to /home/ubuntu/axy_proj/install/jetrover_controller/lib/jetrover_controller
[4.214s] Installing robot_sync script to /home/ubuntu/axy_proj/install/jetrover_controller/lib/jetrover_controller
[4.216s] writing list of installed files to '/home/ubuntu/axy_proj/build/jetrover_controller/install.log'
[4.316s] Invoked command in '/home/ubuntu/axy_proj/src/jetrover_controller' returned '0': PYTHONPATH=/home/ubuntu/axy_proj/build/jetrover_controller/prefix_override:/home/ubuntu/axy_proj/install/jetrover_controller/lib/python3.10/site-packages:${PYTHONPATH} /usr/bin/python3 -W ignore:setup.py install is deprecated setup.py egg_info --egg-base ../../build/jetrover_controller build --build-base /home/ubuntu/axy_proj/build/jetrover_controller/build install --record /home/ubuntu/axy_proj/build/jetrover_controller/install.log --single-version-externally-managed install_data
