[1.359s] [34mcolcon[0m [1;30mDEBUG[0m [32mCommand line arguments: ['/home/ubuntu/.local/bin/colcon', 'build'][0m
[1.359s] [34mcolcon[0m [1;30mDEBUG[0m [32mParsed command line arguments: Namespace(log_base=None, log_level=None, verb_name='build', build_base='build', install_base='install', merge_install=False, symlink_install=False, test_result_base=None, continue_on_error=False, executor='parallel', parallel_workers=4, event_handlers=None, ignore_user_meta=False, metas=['./colcon.meta'], base_paths=['.'], packages_ignore=None, packages_ignore_regex=None, paths=None, packages_up_to=None, packages_up_to_regex=None, packages_above=None, packages_above_and_dependencies=None, packages_above_depth=None, packages_select_by_dep=None, packages_skip_by_dep=None, packages_skip_up_to=None, packages_select_build_failed=False, packages_skip_build_finished=False, packages_select_test_failures=False, packages_skip_test_passed=False, packages_select=None, packages_skip=None, packages_select_regex=None, packages_skip_regex=None, packages_start=None, packages_end=None, allow_overriding=[], cmake_args=None, cmake_target=None, cmake_target_skip_unavailable=False, cmake_clean_cache=False, cmake_clean_first=False, cmake_force_configure=False, ament_cmake_args=None, catkin_cmake_args=None, catkin_skip_building_tests=False, verb_parser=<colcon_defaults.argument_parser.defaults.DefaultArgumentsDecorator object at 0xffff63af5f00>, verb_extension=<colcon_core.verb.build.BuildVerb object at 0xffff63bfb4f0>, main=<bound method BuildVerb.main of <colcon_core.verb.build.BuildVerb object at 0xffff63bfb4f0>>)[0m
[1.609s] [34mcolcon.colcon_core.package_discovery[0m [1;30mLevel 1[0m discover_packages(colcon_meta) check parameters
[1.610s] [34mcolcon.colcon_core.package_discovery[0m [1;30mLevel 1[0m discover_packages(recursive) check parameters
[1.612s] [34mcolcon.colcon_core.package_discovery[0m [1;30mLevel 1[0m discover_packages(ignore) check parameters
[1.613s] [34mcolcon.colcon_core.package_discovery[0m [1;30mLevel 1[0m discover_packages(path) check parameters
[1.614s] [34mcolcon.colcon_core.package_discovery[0m [1;30mLevel 1[0m discover_packages(colcon_meta) discover
[1.615s] [34mcolcon.colcon_core.package_discovery[0m [1;30mLevel 1[0m discover_packages(recursive) discover
[1.615s] [34mcolcon.colcon_core.package_discovery[0m [1;30mINFO[0m Crawling recursively for packages in '/home/ubuntu/axy_proj'
[1.615s] [34mcolcon.colcon_core.package_identification[0m [1;30mLevel 1[0m _identify(.) by extensions ['ignore', 'ignore_ament_install']
[1.616s] [34mcolcon.colcon_core.package_identification[0m [1;30mLevel 1[0m _identify(.) by extension 'ignore'
[1.616s] [34mcolcon.colcon_core.package_identification[0m [1;30mLevel 1[0m _identify(.) by extension 'ignore_ament_install'
[1.616s] [34mcolcon.colcon_core.package_identification[0m [1;30mLevel 1[0m _identify(.) by extensions ['colcon_pkg']
[1.616s] [34mcolcon.colcon_core.package_identification[0m [1;30mLevel 1[0m _identify(.) by extension 'colcon_pkg'
[1.617s] [34mcolcon.colcon_core.package_identification[0m [1;30mLevel 1[0m _identify(.) by extensions ['colcon_meta']
[1.617s] [34mcolcon.colcon_core.package_identification[0m [1;30mLevel 1[0m _identify(.) by extension 'colcon_meta'
[1.617s] [34mcolcon.colcon_core.package_identification[0m [1;30mLevel 1[0m _identify(.) by extensions ['ros']
[1.617s] [34mcolcon.colcon_core.package_identification[0m [1;30mLevel 1[0m _identify(.) by extension 'ros'
[1.712s] [34mcolcon.colcon_core.package_identification[0m [1;30mLevel 1[0m _identify(.) by extensions ['cmake', 'python']
[1.712s] [34mcolcon.colcon_core.package_identification[0m [1;30mLevel 1[0m _identify(.) by extension 'cmake'
[1.713s] [34mcolcon.colcon_core.package_identification[0m [1;30mLevel 1[0m _identify(.) by extension 'python'
[1.713s] [34mcolcon.colcon_core.package_identification[0m [1;30mLevel 1[0m _identify(.) by extensions ['python_setup_py']
[1.713s] [34mcolcon.colcon_core.package_identification[0m [1;30mLevel 1[0m _identify(.) by extension 'python_setup_py'
[1.715s] [34mcolcon.colcon_core.package_identification[0m [1;30mLevel 1[0m _identify(build) by extensions ['ignore', 'ignore_ament_install']
[1.717s] [34mcolcon.colcon_core.package_identification[0m [1;30mLevel 1[0m _identify(build) by extension 'ignore'
[1.718s] [34mcolcon.colcon_core.package_identification[0m [1;30mLevel 1[0m _identify(build) ignored
[1.718s] [34mcolcon.colcon_core.package_identification[0m [1;30mLevel 1[0m _identify(install) by extensions ['ignore', 'ignore_ament_install']
[1.721s] [34mcolcon.colcon_core.package_identification[0m [1;30mLevel 1[0m _identify(install) by extension 'ignore'
[1.721s] [34mcolcon.colcon_core.package_identification[0m [1;30mLevel 1[0m _identify(install) ignored
[1.722s] [34mcolcon.colcon_core.package_identification[0m [1;30mLevel 1[0m _identify(log) by extensions ['ignore', 'ignore_ament_install']
[1.723s] [34mcolcon.colcon_core.package_identification[0m [1;30mLevel 1[0m _identify(log) by extension 'ignore'
[1.723s] [34mcolcon.colcon_core.package_identification[0m [1;30mLevel 1[0m _identify(log) ignored
[1.723s] [34mcolcon.colcon_core.package_identification[0m [1;30mLevel 1[0m _identify(msc) by extensions ['ignore', 'ignore_ament_install']
[1.724s] [34mcolcon.colcon_core.package_identification[0m [1;30mLevel 1[0m _identify(msc) by extension 'ignore'
[1.724s] [34mcolcon.colcon_core.package_identification[0m [1;30mLevel 1[0m _identify(msc) by extension 'ignore_ament_install'
[1.724s] [34mcolcon.colcon_core.package_identification[0m [1;30mLevel 1[0m _identify(msc) by extensions ['colcon_pkg']
[1.724s] [34mcolcon.colcon_core.package_identification[0m [1;30mLevel 1[0m _identify(msc) by extension 'colcon_pkg'
[1.724s] [34mcolcon.colcon_core.package_identification[0m [1;30mLevel 1[0m _identify(msc) by extensions ['colcon_meta']
[1.725s] [34mcolcon.colcon_core.package_identification[0m [1;30mLevel 1[0m _identify(msc) by extension 'colcon_meta'
[1.725s] [34mcolcon.colcon_core.package_identification[0m [1;30mLevel 1[0m _identify(msc) by extensions ['ros']
[1.725s] [34mcolcon.colcon_core.package_identification[0m [1;30mLevel 1[0m _identify(msc) by extension 'ros'
[1.727s] [34mcolcon.colcon_core.package_identification[0m [1;30mLevel 1[0m _identify(msc) by extensions ['cmake', 'python']
[1.727s] [34mcolcon.colcon_core.package_identification[0m [1;30mLevel 1[0m _identify(msc) by extension 'cmake'
[1.727s] [34mcolcon.colcon_core.package_identification[0m [1;30mLevel 1[0m _identify(msc) by extension 'python'
[1.728s] [34mcolcon.colcon_core.package_identification[0m [1;30mLevel 1[0m _identify(msc) by extensions ['python_setup_py']
[1.728s] [34mcolcon.colcon_core.package_identification[0m [1;30mLevel 1[0m _identify(msc) by extension 'python_setup_py'
[1.728s] [34mcolcon.colcon_core.package_identification[0m [1;30mLevel 1[0m _identify(msc/14568787b9f27199e9ec950aa0af565e) by extensions ['ignore', 'ignore_ament_install']
[1.729s] [34mcolcon.colcon_core.package_identification[0m [1;30mLevel 1[0m _identify(msc/14568787b9f27199e9ec950aa0af565e) by extension 'ignore'
[1.730s] [34mcolcon.colcon_core.package_identification[0m [1;30mLevel 1[0m _identify(msc/14568787b9f27199e9ec950aa0af565e) by extension 'ignore_ament_install'
[1.730s] [34mcolcon.colcon_core.package_identification[0m [1;30mLevel 1[0m _identify(msc/14568787b9f27199e9ec950aa0af565e) by extensions ['colcon_pkg']
[1.730s] [34mcolcon.colcon_core.package_identification[0m [1;30mLevel 1[0m _identify(msc/14568787b9f27199e9ec950aa0af565e) by extension 'colcon_pkg'
[1.730s] [34mcolcon.colcon_core.package_identification[0m [1;30mLevel 1[0m _identify(msc/14568787b9f27199e9ec950aa0af565e) by extensions ['colcon_meta']
[1.731s] [34mcolcon.colcon_core.package_identification[0m [1;30mLevel 1[0m _identify(msc/14568787b9f27199e9ec950aa0af565e) by extension 'colcon_meta'
[1.731s] [34mcolcon.colcon_core.package_identification[0m [1;30mLevel 1[0m _identify(msc/14568787b9f27199e9ec950aa0af565e) by extensions ['ros']
[1.731s] [34mcolcon.colcon_core.package_identification[0m [1;30mLevel 1[0m _identify(msc/14568787b9f27199e9ec950aa0af565e) by extension 'ros'
[1.731s] [34mcolcon.colcon_core.package_identification[0m [1;30mLevel 1[0m _identify(msc/14568787b9f27199e9ec950aa0af565e) by extensions ['cmake', 'python']
[1.731s] [34mcolcon.colcon_core.package_identification[0m [1;30mLevel 1[0m _identify(msc/14568787b9f27199e9ec950aa0af565e) by extension 'cmake'
[1.732s] [34mcolcon.colcon_core.package_identification[0m [1;30mLevel 1[0m _identify(msc/14568787b9f27199e9ec950aa0af565e) by extension 'python'
[1.732s] [34mcolcon.colcon_core.package_identification[0m [1;30mLevel 1[0m _identify(msc/14568787b9f27199e9ec950aa0af565e) by extensions ['python_setup_py']
[1.732s] [34mcolcon.colcon_core.package_identification[0m [1;30mLevel 1[0m _identify(msc/14568787b9f27199e9ec950aa0af565e) by extension 'python_setup_py'
[1.732s] [34mcolcon.colcon_core.package_identification[0m [1;30mLevel 1[0m _identify(src) by extensions ['ignore', 'ignore_ament_install']
[1.733s] [34mcolcon.colcon_core.package_identification[0m [1;30mLevel 1[0m _identify(src) by extension 'ignore'
[1.733s] [34mcolcon.colcon_core.package_identification[0m [1;30mLevel 1[0m _identify(src) by extension 'ignore_ament_install'
[1.733s] [34mcolcon.colcon_core.package_identification[0m [1;30mLevel 1[0m _identify(src) by extensions ['colcon_pkg']
[1.735s] [34mcolcon.colcon_core.package_identification[0m [1;30mLevel 1[0m _identify(src) by extension 'colcon_pkg'
[1.735s] [34mcolcon.colcon_core.package_identification[0m [1;30mLevel 1[0m _identify(src) by extensions ['colcon_meta']
[1.735s] [34mcolcon.colcon_core.package_identification[0m [1;30mLevel 1[0m _identify(src) by extension 'colcon_meta'
[1.736s] [34mcolcon.colcon_core.package_identification[0m [1;30mLevel 1[0m _identify(src) by extensions ['ros']
[1.736s] [34mcolcon.colcon_core.package_identification[0m [1;30mLevel 1[0m _identify(src) by extension 'ros'
[1.736s] [34mcolcon.colcon_core.package_identification[0m [1;30mLevel 1[0m _identify(src) by extensions ['cmake', 'python']
[1.736s] [34mcolcon.colcon_core.package_identification[0m [1;30mLevel 1[0m _identify(src) by extension 'cmake'
[1.737s] [34mcolcon.colcon_core.package_identification[0m [1;30mLevel 1[0m _identify(src) by extension 'python'
[1.737s] [34mcolcon.colcon_core.package_identification[0m [1;30mLevel 1[0m _identify(src) by extensions ['python_setup_py']
[1.737s] [34mcolcon.colcon_core.package_identification[0m [1;30mLevel 1[0m _identify(src) by extension 'python_setup_py'
[1.738s] [34mcolcon.colcon_core.package_identification[0m [1;30mLevel 1[0m _identify(src/jetrover_controller) by extensions ['ignore', 'ignore_ament_install']
[1.738s] [34mcolcon.colcon_core.package_identification[0m [1;30mLevel 1[0m _identify(src/jetrover_controller) by extension 'ignore'
[1.738s] [34mcolcon.colcon_core.package_identification[0m [1;30mLevel 1[0m _identify(src/jetrover_controller) by extension 'ignore_ament_install'
[1.739s] [34mcolcon.colcon_core.package_identification[0m [1;30mLevel 1[0m _identify(src/jetrover_controller) by extensions ['colcon_pkg']
[1.739s] [34mcolcon.colcon_core.package_identification[0m [1;30mLevel 1[0m _identify(src/jetrover_controller) by extension 'colcon_pkg'
[1.740s] [34mcolcon.colcon_core.package_identification[0m [1;30mLevel 1[0m _identify(src/jetrover_controller) by extensions ['colcon_meta']
[1.740s] [34mcolcon.colcon_core.package_identification[0m [1;30mLevel 1[0m _identify(src/jetrover_controller) by extension 'colcon_meta'
[1.740s] [34mcolcon.colcon_core.package_identification[0m [1;30mLevel 1[0m _identify(src/jetrover_controller) by extensions ['ros']
[1.740s] [34mcolcon.colcon_core.package_identification[0m [1;30mLevel 1[0m _identify(src/jetrover_controller) by extension 'ros'
[1.754s] [34mcolcon.colcon_core.package_identification[0m [1;30mDEBUG[0m [32mPackage 'src/jetrover_controller' with type 'ros.ament_python' and name 'jetrover_controller'[0m
[1.755s] [34mcolcon.colcon_core.package_discovery[0m [1;30mLevel 1[0m discover_packages(recursive) using defaults
[1.756s] [34mcolcon.colcon_core.package_discovery[0m [1;30mLevel 1[0m discover_packages(ignore) discover
[1.757s] [34mcolcon.colcon_core.package_discovery[0m [1;30mLevel 1[0m discover_packages(ignore) using defaults
[1.757s] [34mcolcon.colcon_core.package_discovery[0m [1;30mLevel 1[0m discover_packages(path) discover
[1.757s] [34mcolcon.colcon_core.package_discovery[0m [1;30mLevel 1[0m discover_packages(path) using defaults
[1.943s] [34mcolcon.colcon_core.package_discovery[0m [1;30mLevel 1[0m discover_packages(prefix_path) check parameters
[1.943s] [34mcolcon.colcon_core.package_discovery[0m [1;30mLevel 1[0m discover_packages(prefix_path) discover
[2.004s] [34mcolcon.colcon_installed_package_information.package_discovery[0m [1;30mDEBUG[0m [32mFound 1 installed packages in /home/ubuntu/axy_proj/install[0m
[2.016s] [34mcolcon.colcon_installed_package_information.package_discovery[0m [1;30mDEBUG[0m [32mFound 14 installed packages in /home/ubuntu/third_party_ros2/rtabmap_ws/install[0m
[2.022s] [34mcolcon.colcon_installed_package_information.package_discovery[0m [1;30mDEBUG[0m [32mFound 3 installed packages in /home/ubuntu/third_party_ros2/orbbec_ws/install[0m
[2.043s] [34mcolcon.colcon_installed_package_information.package_discovery[0m [1;30mDEBUG[0m [32mFound 15 installed packages in /home/ubuntu/third_party_ros2/third_party_ws/install[0m
[2.060s] [34mcolcon.colcon_installed_package_information.package_discovery[0m [1;30mDEBUG[0m [32mFound 19 installed packages in /home/ubuntu/ros2_ws/install[0m
[2.070s] [34mcolcon.colcon_installed_package_information.package_discovery[0m [1;30mDEBUG[0m [32mFound 357 installed packages in /opt/ros/humble[0m
[2.083s] [34mcolcon.colcon_core.package_discovery[0m [1;30mLevel 1[0m discover_packages(prefix_path) using defaults
[2.695s] [34mcolcon.colcon_core.verb[0m [1;30mLevel 5[0m set package 'jetrover_controller' build argument 'cmake_args' from command line to 'None'
[2.696s] [34mcolcon.colcon_core.verb[0m [1;30mLevel 5[0m set package 'jetrover_controller' build argument 'cmake_target' from command line to 'None'
[2.696s] [34mcolcon.colcon_core.verb[0m [1;30mLevel 5[0m set package 'jetrover_controller' build argument 'cmake_target_skip_unavailable' from command line to 'False'
[2.696s] [34mcolcon.colcon_core.verb[0m [1;30mLevel 5[0m set package 'jetrover_controller' build argument 'cmake_clean_cache' from command line to 'False'
[2.696s] [34mcolcon.colcon_core.verb[0m [1;30mLevel 5[0m set package 'jetrover_controller' build argument 'cmake_clean_first' from command line to 'False'
[2.696s] [34mcolcon.colcon_core.verb[0m [1;30mLevel 5[0m set package 'jetrover_controller' build argument 'cmake_force_configure' from command line to 'False'
[2.696s] [34mcolcon.colcon_core.verb[0m [1;30mLevel 5[0m set package 'jetrover_controller' build argument 'ament_cmake_args' from command line to 'None'
[2.696s] [34mcolcon.colcon_core.verb[0m [1;30mLevel 5[0m set package 'jetrover_controller' build argument 'catkin_cmake_args' from command line to 'None'
[2.696s] [34mcolcon.colcon_core.verb[0m [1;30mLevel 5[0m set package 'jetrover_controller' build argument 'catkin_skip_building_tests' from command line to 'False'
[2.697s] [34mcolcon.colcon_core.verb[0m [1;30mDEBUG[0m [32mBuilding package 'jetrover_controller' with the following arguments: {'ament_cmake_args': None, 'build_base': '/home/ubuntu/axy_proj/build/jetrover_controller', 'catkin_cmake_args': None, 'catkin_skip_building_tests': False, 'cmake_args': None, 'cmake_clean_cache': False, 'cmake_clean_first': False, 'cmake_force_configure': False, 'cmake_target': None, 'cmake_target_skip_unavailable': False, 'install_base': '/home/ubuntu/axy_proj/install/jetrover_controller', 'merge_install': False, 'path': '/home/ubuntu/axy_proj/src/jetrover_controller', 'symlink_install': False, 'test_result_base': None}[0m
[2.698s] [34mcolcon.colcon_core.executor[0m [1;30mINFO[0m Executing jobs using 'parallel' executor
[2.703s] [34mcolcon.colcon_parallel_executor.executor.parallel[0m [1;30mDEBUG[0m [32mrun_until_complete[0m
[2.703s] [34mcolcon.colcon_ros.task.ament_python.build[0m [1;30mINFO[0m Building ROS package in '/home/ubuntu/axy_proj/src/jetrover_controller' with build type 'ament_python'
[2.704s] [34mcolcon.colcon_core.shell[0m [1;30mLevel 1[0m create_environment_hook('jetrover_controller', 'ament_prefix_path')
[2.742s] [34mcolcon.colcon_core.plugin_system[0m [1;30mINFO[0m Skipping extension 'colcon_core.shell.bat': Not used on non-Windows systems
[2.743s] [34mcolcon.colcon_core.shell[0m [1;30mINFO[0m Creating environment hook '/home/ubuntu/axy_proj/install/jetrover_controller/share/jetrover_controller/hook/ament_prefix_path.ps1'
[2.752s] [34mcolcon.colcon_core.shell[0m [1;30mINFO[0m Creating environment descriptor '/home/ubuntu/axy_proj/install/jetrover_controller/share/jetrover_controller/hook/ament_prefix_path.dsv'
[2.757s] [34mcolcon.colcon_core.shell[0m [1;30mINFO[0m Creating environment hook '/home/ubuntu/axy_proj/install/jetrover_controller/share/jetrover_controller/hook/ament_prefix_path.sh'
[2.766s] [34mcolcon.colcon_core.shell[0m [1;30mINFO[0m Skip shell extension 'powershell' for command environment: Not usable outside of PowerShell
[2.767s] [34mcolcon.colcon_core.shell[0m [1;30mDEBUG[0m [32mSkip shell extension 'dsv' for command environment[0m
[7.228s] [34mcolcon.colcon_core.task.python.build[0m [1;30mINFO[0m Building Python package in '/home/ubuntu/axy_proj/src/jetrover_controller'
[7.229s] [34mcolcon.colcon_core.shell[0m [1;30mINFO[0m Skip shell extension 'powershell' for command environment: Not usable outside of PowerShell
[7.229s] [34mcolcon.colcon_core.shell[0m [1;30mDEBUG[0m [32mSkip shell extension 'dsv' for command environment[0m
[15.700s] [34mcolcon.colcon_core.event_handler.log_command[0m [1;30mDEBUG[0m [32mInvoking command in '/home/ubuntu/axy_proj/src/jetrover_controller': PYTHONPATH=/home/ubuntu/axy_proj/build/jetrover_controller/prefix_override:/home/ubuntu/axy_proj/install/jetrover_controller/lib/python3.10/site-packages:${PYTHONPATH} /usr/bin/python3 -W ignore:setup.py install is deprecated setup.py egg_info --egg-base ../../build/jetrover_controller build --build-base /home/ubuntu/axy_proj/build/jetrover_controller/build install --record /home/ubuntu/axy_proj/build/jetrover_controller/install.log --single-version-externally-managed install_data[0m
[22.297s] [34mcolcon.colcon_core.event_handler.log_command[0m [1;30mDEBUG[0m [32mInvoked command in '/home/ubuntu/axy_proj/src/jetrover_controller' returned '0': PYTHONPATH=/home/ubuntu/axy_proj/build/jetrover_controller/prefix_override:/home/ubuntu/axy_proj/install/jetrover_controller/lib/python3.10/site-packages:${PYTHONPATH} /usr/bin/python3 -W ignore:setup.py install is deprecated setup.py egg_info --egg-base ../../build/jetrover_controller build --build-base /home/ubuntu/axy_proj/build/jetrover_controller/build install --record /home/ubuntu/axy_proj/build/jetrover_controller/install.log --single-version-externally-managed install_data[0m
[22.336s] [34mcolcon.colcon_core.environment[0m [1;30mLevel 1[0m checking '/home/ubuntu/axy_proj/install/jetrover_controller' for CMake module files
[22.341s] [34mcolcon.colcon_core.environment[0m [1;30mLevel 1[0m checking '/home/ubuntu/axy_proj/install/jetrover_controller' for CMake config files
[22.360s] [34mcolcon.colcon_core.environment[0m [1;30mLevel 1[0m checking '/home/ubuntu/axy_proj/install/jetrover_controller/lib'
[22.361s] [34mcolcon.colcon_core.environment[0m [1;30mLevel 1[0m checking '/home/ubuntu/axy_proj/install/jetrover_controller/bin'
[22.361s] [34mcolcon.colcon_core.environment[0m [1;30mLevel 1[0m checking '/home/ubuntu/axy_proj/install/jetrover_controller/lib/pkgconfig/jetrover_controller.pc'
[22.384s] [34mcolcon.colcon_core.environment[0m [1;30mLevel 1[0m checking '/home/ubuntu/axy_proj/install/jetrover_controller/lib/python3.10/site-packages'
[22.385s] [34mcolcon.colcon_core.shell[0m [1;30mLevel 1[0m create_environment_hook('jetrover_controller', 'pythonpath')
[22.392s] [34mcolcon.colcon_core.shell[0m [1;30mINFO[0m Creating environment hook '/home/ubuntu/axy_proj/install/jetrover_controller/share/jetrover_controller/hook/pythonpath.ps1'
[22.396s] [34mcolcon.colcon_core.shell[0m [1;30mINFO[0m Creating environment descriptor '/home/ubuntu/axy_proj/install/jetrover_controller/share/jetrover_controller/hook/pythonpath.dsv'
[22.417s] [34mcolcon.colcon_core.shell[0m [1;30mINFO[0m Creating environment hook '/home/ubuntu/axy_proj/install/jetrover_controller/share/jetrover_controller/hook/pythonpath.sh'
[22.420s] [34mcolcon.colcon_core.environment[0m [1;30mLevel 1[0m checking '/home/ubuntu/axy_proj/install/jetrover_controller/bin'
[22.421s] [34mcolcon.colcon_core.environment[0m [1;30mLevel 1[0m create_environment_scripts_only(jetrover_controller)
[22.422s] [34mcolcon.colcon_core.shell[0m [1;30mINFO[0m Creating package script '/home/ubuntu/axy_proj/install/jetrover_controller/share/jetrover_controller/package.ps1'
[22.434s] [34mcolcon.colcon_core.shell[0m [1;30mINFO[0m Creating package descriptor '/home/ubuntu/axy_proj/install/jetrover_controller/share/jetrover_controller/package.dsv'
[22.437s] [34mcolcon.colcon_core.shell[0m [1;30mINFO[0m Creating package script '/home/ubuntu/axy_proj/install/jetrover_controller/share/jetrover_controller/package.sh'
[22.442s] [34mcolcon.colcon_core.shell[0m [1;30mINFO[0m Creating package script '/home/ubuntu/axy_proj/install/jetrover_controller/share/jetrover_controller/package.bash'
[22.464s] [34mcolcon.colcon_core.shell[0m [1;30mINFO[0m Creating package script '/home/ubuntu/axy_proj/install/jetrover_controller/share/jetrover_controller/package.zsh'
[22.572s] [34mcolcon.colcon_core.environment[0m [1;30mLevel 1[0m create_file_with_runtime_dependencies(/home/ubuntu/axy_proj/install/jetrover_controller/share/colcon-core/packages/jetrover_controller)
[22.574s] [34mcolcon.colcon_parallel_executor.executor.parallel[0m [1;30mDEBUG[0m [32mclosing loop[0m
[22.585s] [34mcolcon.colcon_parallel_executor.executor.parallel[0m [1;30mDEBUG[0m [32mloop closed[0m
[22.596s] [34mcolcon.colcon_parallel_executor.executor.parallel[0m [1;30mDEBUG[0m [32mrun_until_complete finished with '0'[0m
[22.598s] [34mcolcon.colcon_core.event_reactor[0m [1;30mDEBUG[0m [32mjoining thread[0m
[22.695s] [34mcolcon.colcon_core.plugin_system[0m [1;30mINFO[0m Skipping extension 'colcon_notification.desktop_notification.terminal_notifier': Not used on non-Darwin systems
[22.696s] [34mcolcon.colcon_core.plugin_system[0m [1;30mINFO[0m Skipping extension 'colcon_notification.desktop_notification.win32': Not used on non-Windows systems
[22.696s] [34mcolcon.colcon_notification.desktop_notification[0m [1;30mINFO[0m Sending desktop notification using 'notify2'
[22.797s] [34mcolcon.colcon_core.event_reactor[0m [1;30mDEBUG[0m [32mjoined thread[0m
[22.799s] [34mcolcon.colcon_core.shell[0m [1;30mINFO[0m Creating prefix script '/home/ubuntu/axy_proj/install/local_setup.ps1'
[22.813s] [34mcolcon.colcon_core.shell[0m [1;30mINFO[0m Creating prefix util module '/home/ubuntu/axy_proj/install/_local_setup_util_ps1.py'
[22.846s] [34mcolcon.colcon_core.shell[0m [1;30mINFO[0m Creating prefix chain script '/home/ubuntu/axy_proj/install/setup.ps1'
[22.935s] [34mcolcon.colcon_core.shell[0m [1;30mINFO[0m Creating prefix script '/home/ubuntu/axy_proj/install/local_setup.sh'
[22.946s] [34mcolcon.colcon_core.shell[0m [1;30mINFO[0m Creating prefix util module '/home/ubuntu/axy_proj/install/_local_setup_util_sh.py'
[22.958s] [34mcolcon.colcon_core.shell[0m [1;30mINFO[0m Creating prefix chain script '/home/ubuntu/axy_proj/install/setup.sh'
[22.978s] [34mcolcon.colcon_core.shell[0m [1;30mINFO[0m Creating prefix script '/home/ubuntu/axy_proj/install/local_setup.bash'
[22.983s] [34mcolcon.colcon_core.shell[0m [1;30mINFO[0m Creating prefix chain script '/home/ubuntu/axy_proj/install/setup.bash'
[23.024s] [34mcolcon.colcon_core.shell[0m [1;30mINFO[0m Creating prefix script '/home/ubuntu/axy_proj/install/local_setup.zsh'
[23.035s] [34mcolcon.colcon_core.shell[0m [1;30mINFO[0m Creating prefix chain script '/home/ubuntu/axy_proj/install/setup.zsh'
