running egg_info
creating ../../build/jetrover_controller/jetrover_controller.egg-info
writing ../../build/jetrover_controller/jetrover_controller.egg-info/PKG-INFO
writing dependency_links to ../../build/jetrover_controller/jetrover_controller.egg-info/dependency_links.txt
writing entry points to ../../build/jetrover_controller/jetrover_controller.egg-info/entry_points.txt
writing requirements to ../../build/jetrover_controller/jetrover_controller.egg-info/requires.txt
writing top-level names to ../../build/jetrover_controller/jetrover_controller.egg-info/top_level.txt
writing manifest file '../../build/jetrover_controller/jetrover_controller.egg-info/SOURCES.txt'
reading manifest file '../../build/jetrover_controller/jetrover_controller.egg-info/SOURCES.txt'
writing manifest file '../../build/jetrover_controller/jetrover_controller.egg-info/SOURCES.txt'
running build
running build_py
creating /home/ubuntu/axy_proj/build/jetrover_controller/build
creating /home/ubuntu/axy_proj/build/jetrover_controller/build/lib
creating /home/ubuntu/axy_proj/build/jetrover_controller/build/lib/jetrover_controller
copying jetrover_controller/move_robot.py -> /home/ubuntu/axy_proj/build/jetrover_controller/build/lib/jetrover_controller
copying jetrover_controller/__init__.py -> /home/ubuntu/axy_proj/build/jetrover_controller/build/lib/jetrover_controller
running install
running install_lib
creating /home/ubuntu/axy_proj/install/jetrover_controller/lib/python3.10/site-packages/jetrover_controller
copying /home/ubuntu/axy_proj/build/jetrover_controller/build/lib/jetrover_controller/move_robot.py -> /home/ubuntu/axy_proj/install/jetrover_controller/lib/python3.10/site-packages/jetrover_controller
copying /home/ubuntu/axy_proj/build/jetrover_controller/build/lib/jetrover_controller/__init__.py -> /home/ubuntu/axy_proj/install/jetrover_controller/lib/python3.10/site-packages/jetrover_controller
byte-compiling /home/ubuntu/axy_proj/install/jetrover_controller/lib/python3.10/site-packages/jetrover_controller/move_robot.py to move_robot.cpython-310.pyc
byte-compiling /home/ubuntu/axy_proj/install/jetrover_controller/lib/python3.10/site-packages/jetrover_controller/__init__.py to __init__.cpython-310.pyc
running install_data
creating /home/ubuntu/axy_proj/install/jetrover_controller/share/ament_index
creating /home/ubuntu/axy_proj/install/jetrover_controller/share/ament_index/resource_index
creating /home/ubuntu/axy_proj/install/jetrover_controller/share/ament_index/resource_index/packages
copying resource/jetrover_controller -> /home/ubuntu/axy_proj/install/jetrover_controller/share/ament_index/resource_index/packages
copying package.xml -> /home/ubuntu/axy_proj/install/jetrover_controller/share/jetrover_controller
running install_egg_info
Copying ../../build/jetrover_controller/jetrover_controller.egg-info to /home/ubuntu/axy_proj/install/jetrover_controller/lib/python3.10/site-packages/jetrover_controller-0.0.0-py3.10.egg-info
running install_scripts
Installing move_robot script to /home/ubuntu/axy_proj/install/jetrover_controller/lib/jetrover_controller
writing list of installed files to '/home/ubuntu/axy_proj/build/jetrover_controller/install.log'
