[8.824s] Invoking command in '/home/ubuntu/axy_proj/src/jetrover_controller': PYTHONPATH=/home/ubuntu/axy_proj/build/jetrover_controller/prefix_override:/home/ubuntu/axy_proj/install/jetrover_controller/lib/python3.10/site-packages:${PYTHONPATH} /usr/bin/python3 -W ignore:setup.py install is deprecated setup.py egg_info --egg-base ../../build/jetrover_controller build --build-base /home/ubuntu/axy_proj/build/jetrover_controller/build install --record /home/ubuntu/axy_proj/build/jetrover_controller/install.log --single-version-externally-managed install_data
[9.857s] running egg_info
[9.903s] writing ../../build/jetrover_controller/jetrover_controller.egg-info/PKG-INFO
[9.904s] writing dependency_links to ../../build/jetrover_controller/jetrover_controller.egg-info/dependency_links.txt
[9.905s] writing entry points to ../../build/jetrover_controller/jetrover_controller.egg-info/entry_points.txt
[9.906s] writing requirements to ../../build/jetrover_controller/jetrover_controller.egg-info/requires.txt
[9.906s] writing top-level names to ../../build/jetrover_controller/jetrover_controller.egg-info/top_level.txt
[10.003s] reading manifest file '../../build/jetrover_controller/jetrover_controller.egg-info/SOURCES.txt'
[10.008s] writing manifest file '../../build/jetrover_controller/jetrover_controller.egg-info/SOURCES.txt'
[10.008s] running build
[10.009s] running build_py
[10.010s] copying jetrover_controller/move_arm (copy).py -> /home/ubuntu/axy_proj/build/jetrover_controller/build/lib/jetrover_controller
[10.011s] copying jetrover_controller/move_arm.py -> /home/ubuntu/axy_proj/build/jetrover_controller/build/lib/jetrover_controller
[10.012s] copying jetrover_controller/move_robot.py -> /home/ubuntu/axy_proj/build/jetrover_controller/build/lib/jetrover_controller
[10.013s] running install
[10.029s] running install_lib
[10.086s] copying /home/ubuntu/axy_proj/build/jetrover_controller/build/lib/jetrover_controller/move_arm.py -> /home/ubuntu/axy_proj/install/jetrover_controller/lib/python3.10/site-packages/jetrover_controller
[10.091s] byte-compiling /home/ubuntu/axy_proj/install/jetrover_controller/lib/python3.10/site-packages/jetrover_controller/move_arm.py to move_arm.cpython-310.pyc
[10.093s] running install_data
[10.093s] copying package.xml -> /home/ubuntu/axy_proj/install/jetrover_controller/share/jetrover_controller
[10.094s] running install_egg_info
[10.156s] removing '/home/ubuntu/axy_proj/install/jetrover_controller/lib/python3.10/site-packages/jetrover_controller-0.0.0-py3.10.egg-info' (and everything under it)
[10.158s] Copying ../../build/jetrover_controller/jetrover_controller.egg-info to /home/ubuntu/axy_proj/install/jetrover_controller/lib/python3.10/site-packages/jetrover_controller-0.0.0-py3.10.egg-info
[10.161s] running install_scripts
[10.606s] Installing move_arm script to /home/ubuntu/axy_proj/install/jetrover_controller/lib/jetrover_controller
[10.606s] Installing move_robot script to /home/ubuntu/axy_proj/install/jetrover_controller/lib/jetrover_controller
[10.606s] writing list of installed files to '/home/ubuntu/axy_proj/build/jetrover_controller/install.log'
[10.761s] Invoked command in '/home/ubuntu/axy_proj/src/jetrover_controller' returned '0': PYTHONPATH=/home/ubuntu/axy_proj/build/jetrover_controller/prefix_override:/home/ubuntu/axy_proj/install/jetrover_controller/lib/python3.10/site-packages:${PYTHONPATH} /usr/bin/python3 -W ignore:setup.py install is deprecated setup.py egg_info --egg-base ../../build/jetrover_controller build --build-base /home/ubuntu/axy_proj/build/jetrover_controller/build install --record /home/ubuntu/axy_proj/build/jetrover_controller/install.log --single-version-externally-managed install_data
