[4.801s] Invoking command in '/home/ubuntu/axy_proj/src/jetrover_controller': PYTHONPATH=/home/ubuntu/axy_proj/build/jetrover_controller/prefix_override:/home/ubuntu/axy_proj/install/jetrover_controller/lib/python3.10/site-packages:${PYTHONPATH} /usr/bin/python3 -W ignore:setup.py install is deprecated setup.py egg_info --egg-base ../../build/jetrover_controller build --build-base /home/ubuntu/axy_proj/build/jetrover_controller/build install --record /home/ubuntu/axy_proj/build/jetrover_controller/install.log --single-version-externally-managed install_data
[5.964s] running egg_info
[6.017s] writing ../../build/jetrover_controller/jetrover_controller.egg-info/PKG-INFO
[6.018s] writing dependency_links to ../../build/jetrover_controller/jetrover_controller.egg-info/dependency_links.txt
[6.019s] writing entry points to ../../build/jetrover_controller/jetrover_controller.egg-info/entry_points.txt
[6.021s] writing requirements to ../../build/jetrover_controller/jetrover_controller.egg-info/requires.txt
[6.022s] writing top-level names to ../../build/jetrover_controller/jetrover_controller.egg-info/top_level.txt
[6.123s] reading manifest file '../../build/jetrover_controller/jetrover_controller.egg-info/SOURCES.txt'
[6.124s] writing manifest file '../../build/jetrover_controller/jetrover_controller.egg-info/SOURCES.txt'
[6.124s] running build
[6.124s] running build_py
[6.125s] copying jetrover_controller/move_arm.py -> /home/ubuntu/axy_proj/build/jetrover_controller/build/lib/jetrover_controller
[6.125s] copying jetrover_controller/move_robot.py -> /home/ubuntu/axy_proj/build/jetrover_controller/build/lib/jetrover_controller
[6.126s] running install
[6.140s] running install_lib
[6.195s] copying /home/ubuntu/axy_proj/build/jetrover_controller/build/lib/jetrover_controller/move_arm.py -> /home/ubuntu/axy_proj/install/jetrover_controller/lib/python3.10/site-packages/jetrover_controller
[6.195s] copying /home/ubuntu/axy_proj/build/jetrover_controller/build/lib/jetrover_controller/move_robot.py -> /home/ubuntu/axy_proj/install/jetrover_controller/lib/python3.10/site-packages/jetrover_controller
[6.196s] byte-compiling /home/ubuntu/axy_proj/install/jetrover_controller/lib/python3.10/site-packages/jetrover_controller/move_arm.py to move_arm.cpython-310.pyc
[6.196s] byte-compiling /home/ubuntu/axy_proj/install/jetrover_controller/lib/python3.10/site-packages/jetrover_controller/move_robot.py to move_robot.cpython-310.pyc
[6.198s] running install_data
[6.199s] copying package.xml -> /home/ubuntu/axy_proj/install/jetrover_controller/share/jetrover_controller
[6.199s] running install_egg_info
[6.258s] removing '/home/ubuntu/axy_proj/install/jetrover_controller/lib/python3.10/site-packages/jetrover_controller-0.0.0-py3.10.egg-info' (and everything under it)
[6.259s] Copying ../../build/jetrover_controller/jetrover_controller.egg-info to /home/ubuntu/axy_proj/install/jetrover_controller/lib/python3.10/site-packages/jetrover_controller-0.0.0-py3.10.egg-info
[6.262s] running install_scripts
[6.748s] Installing move_arm script to /home/ubuntu/axy_proj/install/jetrover_controller/lib/jetrover_controller
[6.748s] Installing move_robot script to /home/ubuntu/axy_proj/install/jetrover_controller/lib/jetrover_controller
[6.749s] writing list of installed files to '/home/ubuntu/axy_proj/build/jetrover_controller/install.log'
[6.876s] Invoked command in '/home/ubuntu/axy_proj/src/jetrover_controller' returned '0': PYTHONPATH=/home/ubuntu/axy_proj/build/jetrover_controller/prefix_override:/home/ubuntu/axy_proj/install/jetrover_controller/lib/python3.10/site-packages:${PYTHONPATH} /usr/bin/python3 -W ignore:setup.py install is deprecated setup.py egg_info --egg-base ../../build/jetrover_controller build --build-base /home/ubuntu/axy_proj/build/jetrover_controller/build install --record /home/ubuntu/axy_proj/build/jetrover_controller/install.log --single-version-externally-managed install_data
