[7.503s] Invoking command in '/home/ubuntu/axy_proj/src/jetrover_controller': PYTHONPATH=/home/ubuntu/axy_proj/build/jetrover_controller/prefix_override:/home/ubuntu/axy_proj/install/jetrover_controller/lib/python3.10/site-packages:${PYTHONPATH} /usr/bin/python3 -W ignore:setup.py install is deprecated setup.py egg_info --egg-base ../../build/jetrover_controller build --build-base /home/ubuntu/axy_proj/build/jetrover_controller/build install --record /home/ubuntu/axy_proj/build/jetrover_controller/install.log --single-version-externally-managed install_data
[8.782s] running egg_info
[8.830s] writing ../../build/jetrover_controller/jetrover_controller.egg-info/PKG-INFO
[8.834s] writing dependency_links to ../../build/jetrover_controller/jetrover_controller.egg-info/dependency_links.txt
[8.835s] writing entry points to ../../build/jetrover_controller/jetrover_controller.egg-info/entry_points.txt
[8.836s] writing requirements to ../../build/jetrover_controller/jetrover_controller.egg-info/requires.txt
[8.837s] writing top-level names to ../../build/jetrover_controller/jetrover_controller.egg-info/top_level.txt
[8.935s] reading manifest file '../../build/jetrover_controller/jetrover_controller.egg-info/SOURCES.txt'
[8.938s] writing manifest file '../../build/jetrover_controller/jetrover_controller.egg-info/SOURCES.txt'
[8.938s] running build
[8.938s] running build_py
[8.940s] copying jetrover_controller/lidar_safety.py -> /home/ubuntu/axy_proj/build/jetrover_controller/build/lib/jetrover_controller
[8.941s] copying jetrover_controller/move_arm.py -> /home/ubuntu/axy_proj/build/jetrover_controller/build/lib/jetrover_controller
[8.941s] copying jetrover_controller/move_robot.py -> /home/ubuntu/axy_proj/build/jetrover_controller/build/lib/jetrover_controller
[8.942s] copying jetrover_controller/resource.py -> /home/ubuntu/axy_proj/build/jetrover_controller/build/lib/jetrover_controller
[8.943s] copying jetrover_controller/robot_manager.py -> /home/ubuntu/axy_proj/build/jetrover_controller/build/lib/jetrover_controller
[8.944s] running install
[8.958s] running install_lib
[9.007s] copying /home/ubuntu/axy_proj/build/jetrover_controller/build/lib/jetrover_controller/lidar_safety.py -> /home/ubuntu/axy_proj/install/jetrover_controller/lib/python3.10/site-packages/jetrover_controller
[9.019s] copying /home/ubuntu/axy_proj/build/jetrover_controller/build/lib/jetrover_controller/move_robot.py -> /home/ubuntu/axy_proj/install/jetrover_controller/lib/python3.10/site-packages/jetrover_controller
[9.023s] copying /home/ubuntu/axy_proj/build/jetrover_controller/build/lib/jetrover_controller/robot_manager.py -> /home/ubuntu/axy_proj/install/jetrover_controller/lib/python3.10/site-packages/jetrover_controller
[9.024s] byte-compiling /home/ubuntu/axy_proj/install/jetrover_controller/lib/python3.10/site-packages/jetrover_controller/lidar_safety.py to lidar_safety.cpython-310.pyc
[9.026s] byte-compiling /home/ubuntu/axy_proj/install/jetrover_controller/lib/python3.10/site-packages/jetrover_controller/move_robot.py to move_robot.cpython-310.pyc
[9.026s] byte-compiling /home/ubuntu/axy_proj/install/jetrover_controller/lib/python3.10/site-packages/jetrover_controller/robot_manager.py to robot_manager.cpython-310.pyc
[9.026s] running install_data
[9.027s] running install_egg_info
[9.100s] removing '/home/ubuntu/axy_proj/install/jetrover_controller/lib/python3.10/site-packages/jetrover_controller-0.0.0-py3.10.egg-info' (and everything under it)
[9.105s] Copying ../../build/jetrover_controller/jetrover_controller.egg-info to /home/ubuntu/axy_proj/install/jetrover_controller/lib/python3.10/site-packages/jetrover_controller-0.0.0-py3.10.egg-info
[9.110s] running install_scripts
[9.721s] Installing lidar_safety script to /home/ubuntu/axy_proj/install/jetrover_controller/lib/jetrover_controller
[9.721s] Installing move_arm script to /home/ubuntu/axy_proj/install/jetrover_controller/lib/jetrover_controller
[9.722s] Installing move_robot script to /home/ubuntu/axy_proj/install/jetrover_controller/lib/jetrover_controller
[9.722s] Installing robo_manager script to /home/ubuntu/axy_proj/install/jetrover_controller/lib/jetrover_controller
[9.723s] writing list of installed files to '/home/ubuntu/axy_proj/build/jetrover_controller/install.log'
[9.970s] Invoked command in '/home/ubuntu/axy_proj/src/jetrover_controller' returned '0': PYTHONPATH=/home/ubuntu/axy_proj/build/jetrover_controller/prefix_override:/home/ubuntu/axy_proj/install/jetrover_controller/lib/python3.10/site-packages:${PYTHONPATH} /usr/bin/python3 -W ignore:setup.py install is deprecated setup.py egg_info --egg-base ../../build/jetrover_controller build --build-base /home/ubuntu/axy_proj/build/jetrover_controller/build install --record /home/ubuntu/axy_proj/build/jetrover_controller/install.log --single-version-externally-managed install_data
