[2.958s] Invoking command in '/home/ubuntu/axy_proj/src/jetrover_controller': PYTHONPATH=/home/ubuntu/axy_proj/build/jetrover_controller/prefix_override:/home/ubuntu/axy_proj/install/jetrover_controller/lib/python3.10/site-packages:${PYTHONPATH} /usr/bin/python3 -W ignore:setup.py install is deprecated setup.py egg_info --egg-base ../../build/jetrover_controller build --build-base /home/ubuntu/axy_proj/build/jetrover_controller/build install --record /home/ubuntu/axy_proj/build/jetrover_controller/install.log --single-version-externally-managed install_data
[3.752s] running egg_info
[3.796s] writing ../../build/jetrover_controller/jetrover_controller.egg-info/PKG-INFO
[3.797s] writing dependency_links to ../../build/jetrover_controller/jetrover_controller.egg-info/dependency_links.txt
[3.798s] writing entry points to ../../build/jetrover_controller/jetrover_controller.egg-info/entry_points.txt
[3.798s] writing requirements to ../../build/jetrover_controller/jetrover_controller.egg-info/requires.txt
[3.799s] writing top-level names to ../../build/jetrover_controller/jetrover_controller.egg-info/top_level.txt
[3.888s] reading manifest file '../../build/jetrover_controller/jetrover_controller.egg-info/SOURCES.txt'
[3.890s] writing manifest file '../../build/jetrover_controller/jetrover_controller.egg-info/SOURCES.txt'
[3.891s] running build
[3.891s] running build_py
[3.891s] copying jetrover_controller/enhanced_dance.py -> /home/ubuntu/axy_proj/build/jetrover_controller/build/lib/jetrover_controller
[3.892s] copying jetrover_controller/buzzer_stop.py -> /home/ubuntu/axy_proj/build/jetrover_controller/build/lib/jetrover_controller
[3.892s] copying jetrover_controller/move_arm (copy).py -> /home/ubuntu/axy_proj/build/jetrover_controller/build/lib/jetrover_controller
[3.892s] copying jetrover_controller/robot_synchronizer.py -> /home/ubuntu/axy_proj/build/jetrover_controller/build/lib/jetrover_controller
[3.893s] copying jetrover_controller/lidar_safety.py -> /home/ubuntu/axy_proj/build/jetrover_controller/build/lib/jetrover_controller
[3.893s] copying jetrover_controller/robot_sync.py -> /home/ubuntu/axy_proj/build/jetrover_controller/build/lib/jetrover_controller
[3.893s] copying jetrover_controller/move_arm.py -> /home/ubuntu/axy_proj/build/jetrover_controller/build/lib/jetrover_controller
[3.894s] copying jetrover_controller/keyboard.py -> /home/ubuntu/axy_proj/build/jetrover_controller/build/lib/jetrover_controller
[3.894s] copying jetrover_controller/move_robot.py -> /home/ubuntu/axy_proj/build/jetrover_controller/build/lib/jetrover_controller
[3.894s] copying jetrover_controller/move_robot copy.py -> /home/ubuntu/axy_proj/build/jetrover_controller/build/lib/jetrover_controller
[3.895s] copying jetrover_controller/resource.py -> /home/ubuntu/axy_proj/build/jetrover_controller/build/lib/jetrover_controller
[3.895s] copying jetrover_controller/web.py -> /home/ubuntu/axy_proj/build/jetrover_controller/build/lib/jetrover_controller
[3.895s] copying jetrover_controller/__init__.py -> /home/ubuntu/axy_proj/build/jetrover_controller/build/lib/jetrover_controller
[3.896s] copying jetrover_controller/control_gui.py -> /home/ubuntu/axy_proj/build/jetrover_controller/build/lib/jetrover_controller
[3.896s] copying jetrover_controller/robot_manager.py -> /home/ubuntu/axy_proj/build/jetrover_controller/build/lib/jetrover_controller
[3.897s] copying jetrover_controller/dance_attempt.py -> /home/ubuntu/axy_proj/build/jetrover_controller/build/lib/jetrover_controller
[3.898s] running install
[3.910s] running install_lib
[3.956s] copying /home/ubuntu/axy_proj/build/jetrover_controller/build/lib/jetrover_controller/keyboard.py -> /home/ubuntu/axy_proj/install/jetrover_controller/lib/python3.10/site-packages/jetrover_controller
[3.959s] byte-compiling /home/ubuntu/axy_proj/install/jetrover_controller/lib/python3.10/site-packages/jetrover_controller/keyboard.py to keyboard.cpython-310.pyc
[3.962s] running install_data
[3.962s] copying resource/jetrover_controller -> /home/ubuntu/axy_proj/install/jetrover_controller/share/ament_index/resource_index/packages
[3.963s] copying package.xml -> /home/ubuntu/axy_proj/install/jetrover_controller/share/jetrover_controller
[3.963s] running install_egg_info
[4.012s] removing '/home/ubuntu/axy_proj/install/jetrover_controller/lib/python3.10/site-packages/jetrover_controller-0.0.0-py3.10.egg-info' (and everything under it)
[4.013s] Copying ../../build/jetrover_controller/jetrover_controller.egg-info to /home/ubuntu/axy_proj/install/jetrover_controller/lib/python3.10/site-packages/jetrover_controller-0.0.0-py3.10.egg-info
[4.015s] running install_scripts
[4.406s] Installing buzzer_stop script to /home/ubuntu/axy_proj/install/jetrover_controller/lib/jetrover_controller
[4.406s] Installing dance_attempt script to /home/ubuntu/axy_proj/install/jetrover_controller/lib/jetrover_controller
[4.407s] Installing enhanced_dance script to /home/ubuntu/axy_proj/install/jetrover_controller/lib/jetrover_controller
[4.407s] Installing gui script to /home/ubuntu/axy_proj/install/jetrover_controller/lib/jetrover_controller
[4.407s] Installing keyboard script to /home/ubuntu/axy_proj/install/jetrover_controller/lib/jetrover_controller
[4.408s] Installing lidar_safety script to /home/ubuntu/axy_proj/install/jetrover_controller/lib/jetrover_controller
[4.408s] Installing move_arm script to /home/ubuntu/axy_proj/install/jetrover_controller/lib/jetrover_controller
[4.408s] Installing move_robot script to /home/ubuntu/axy_proj/install/jetrover_controller/lib/jetrover_controller
[4.409s] Installing robo_manager script to /home/ubuntu/axy_proj/install/jetrover_controller/lib/jetrover_controller
[4.409s] Installing robot_sync script to /home/ubuntu/axy_proj/install/jetrover_controller/lib/jetrover_controller
[4.410s] writing list of installed files to '/home/ubuntu/axy_proj/build/jetrover_controller/install.log'
[4.511s] Invoked command in '/home/ubuntu/axy_proj/src/jetrover_controller' returned '0': PYTHONPATH=/home/ubuntu/axy_proj/build/jetrover_controller/prefix_override:/home/ubuntu/axy_proj/install/jetrover_controller/lib/python3.10/site-packages:${PYTHONPATH} /usr/bin/python3 -W ignore:setup.py install is deprecated setup.py egg_info --egg-base ../../build/jetrover_controller build --build-base /home/ubuntu/axy_proj/build/jetrover_controller/build install --record /home/ubuntu/axy_proj/build/jetrover_controller/install.log --single-version-externally-managed install_data
