[3.804s] Invoking command in '/home/ubuntu/axy_proj/src/jetrover_controller': PYTHONPATH=/home/ubuntu/axy_proj/build/jetrover_controller/prefix_override:/home/ubuntu/axy_proj/install/jetrover_controller/lib/python3.10/site-packages:${PYTHONPATH} /usr/bin/python3 -W ignore:setup.py install is deprecated setup.py egg_info --egg-base ../../build/jetrover_controller build --build-base /home/ubuntu/axy_proj/build/jetrover_controller/build install --record /home/ubuntu/axy_proj/build/jetrover_controller/install.log --single-version-externally-managed install_data
[4.722s] running egg_info
[4.768s] writing ../../build/jetrover_controller/jetrover_controller.egg-info/PKG-INFO
[4.770s] writing dependency_links to ../../build/jetrover_controller/jetrover_controller.egg-info/dependency_links.txt
[4.771s] writing entry points to ../../build/jetrover_controller/jetrover_controller.egg-info/entry_points.txt
[4.771s] writing requirements to ../../build/jetrover_controller/jetrover_controller.egg-info/requires.txt
[4.771s] writing top-level names to ../../build/jetrover_controller/jetrover_controller.egg-info/top_level.txt
[4.864s] reading manifest file '../../build/jetrover_controller/jetrover_controller.egg-info/SOURCES.txt'
[4.867s] writing manifest file '../../build/jetrover_controller/jetrover_controller.egg-info/SOURCES.txt'
[4.867s] running build
[4.867s] running build_py
[4.868s] copying jetrover_controller/move_arm.py -> /home/ubuntu/axy_proj/build/jetrover_controller/build/lib/jetrover_controller
[4.868s] copying jetrover_controller/move_robot.py -> /home/ubuntu/axy_proj/build/jetrover_controller/build/lib/jetrover_controller
[4.870s] running install
[4.883s] running install_lib
[4.929s] copying /home/ubuntu/axy_proj/build/jetrover_controller/build/lib/jetrover_controller/move_robot.py -> /home/ubuntu/axy_proj/install/jetrover_controller/lib/python3.10/site-packages/jetrover_controller
[4.932s] byte-compiling /home/ubuntu/axy_proj/install/jetrover_controller/lib/python3.10/site-packages/jetrover_controller/move_robot.py to move_robot.cpython-310.pyc
[4.935s] running install_data
[4.936s] running install_egg_info
[4.986s] removing '/home/ubuntu/axy_proj/install/jetrover_controller/lib/python3.10/site-packages/jetrover_controller-0.0.0-py3.10.egg-info' (and everything under it)
[4.987s] Copying ../../build/jetrover_controller/jetrover_controller.egg-info to /home/ubuntu/axy_proj/install/jetrover_controller/lib/python3.10/site-packages/jetrover_controller-0.0.0-py3.10.egg-info
[4.989s] running install_scripts
[5.394s] Installing buzzer_stop script to /home/ubuntu/axy_proj/install/jetrover_controller/lib/jetrover_controller
[5.395s] Installing dance_attempt script to /home/ubuntu/axy_proj/install/jetrover_controller/lib/jetrover_controller
[5.396s] Installing enhanced_dance script to /home/ubuntu/axy_proj/install/jetrover_controller/lib/jetrover_controller
[5.397s] Installing lidar_safety script to /home/ubuntu/axy_proj/install/jetrover_controller/lib/jetrover_controller
[5.397s] Installing move_arm script to /home/ubuntu/axy_proj/install/jetrover_controller/lib/jetrover_controller
[5.397s] Installing move_robot script to /home/ubuntu/axy_proj/install/jetrover_controller/lib/jetrover_controller
[5.397s] Installing robo_manager script to /home/ubuntu/axy_proj/install/jetrover_controller/lib/jetrover_controller
[5.399s] writing list of installed files to '/home/ubuntu/axy_proj/build/jetrover_controller/install.log'
[5.525s] Invoked command in '/home/ubuntu/axy_proj/src/jetrover_controller' returned '0': PYTHONPATH=/home/ubuntu/axy_proj/build/jetrover_controller/prefix_override:/home/ubuntu/axy_proj/install/jetrover_controller/lib/python3.10/site-packages:${PYTHONPATH} /usr/bin/python3 -W ignore:setup.py install is deprecated setup.py egg_info --egg-base ../../build/jetrover_controller build --build-base /home/ubuntu/axy_proj/build/jetrover_controller/build install --record /home/ubuntu/axy_proj/build/jetrover_controller/install.log --single-version-externally-managed install_data
