[3.942s] Invoking command in '/home/ubuntu/axy_proj/src/jetrover_controller': PYTHONPATH=/home/ubuntu/axy_proj/build/jetrover_controller/prefix_override:/home/ubuntu/axy_proj/install/jetrover_controller/lib/python3.10/site-packages:${PYTHONPATH} /usr/bin/python3 -W ignore:setup.py install is deprecated setup.py egg_info --egg-base ../../build/jetrover_controller build --build-base /home/ubuntu/axy_proj/build/jetrover_controller/build install --record /home/ubuntu/axy_proj/build/jetrover_controller/install.log --single-version-externally-managed install_data
[4.861s] running egg_info
[4.909s] writing ../../build/jetrover_controller/jetrover_controller.egg-info/PKG-INFO
[4.911s] writing dependency_links to ../../build/jetrover_controller/jetrover_controller.egg-info/dependency_links.txt
[4.912s] writing entry points to ../../build/jetrover_controller/jetrover_controller.egg-info/entry_points.txt
[4.912s] writing requirements to ../../build/jetrover_controller/jetrover_controller.egg-info/requires.txt
[4.912s] writing top-level names to ../../build/jetrover_controller/jetrover_controller.egg-info/top_level.txt
[5.011s] reading manifest file '../../build/jetrover_controller/jetrover_controller.egg-info/SOURCES.txt'
[5.014s] writing manifest file '../../build/jetrover_controller/jetrover_controller.egg-info/SOURCES.txt'
[5.016s] running build
[5.017s] running build_py
[5.019s] copying jetrover_controller/move_arm.py -> /home/ubuntu/axy_proj/build/jetrover_controller/build/lib/jetrover_controller
[5.020s] copying jetrover_controller/move_robot.py -> /home/ubuntu/axy_proj/build/jetrover_controller/build/lib/jetrover_controller
[5.022s] running install
[5.029s] running install_lib
[5.077s] copying /home/ubuntu/axy_proj/build/jetrover_controller/build/lib/jetrover_controller/move_arm.py -> /home/ubuntu/axy_proj/install/jetrover_controller/lib/python3.10/site-packages/jetrover_controller
[5.078s] copying /home/ubuntu/axy_proj/build/jetrover_controller/build/lib/jetrover_controller/move_robot.py -> /home/ubuntu/axy_proj/install/jetrover_controller/lib/python3.10/site-packages/jetrover_controller
[5.081s] byte-compiling /home/ubuntu/axy_proj/install/jetrover_controller/lib/python3.10/site-packages/jetrover_controller/move_arm.py to move_arm.cpython-310.pyc
[5.084s] byte-compiling /home/ubuntu/axy_proj/install/jetrover_controller/lib/python3.10/site-packages/jetrover_controller/move_robot.py to move_robot.cpython-310.pyc
[5.087s] running install_data
[5.087s] running install_egg_info
[5.140s] removing '/home/ubuntu/axy_proj/install/jetrover_controller/lib/python3.10/site-packages/jetrover_controller-0.0.0-py3.10.egg-info' (and everything under it)
[5.141s] Copying ../../build/jetrover_controller/jetrover_controller.egg-info to /home/ubuntu/axy_proj/install/jetrover_controller/lib/python3.10/site-packages/jetrover_controller-0.0.0-py3.10.egg-info
[5.145s] running install_scripts
[5.649s] Installing buzzer_stop script to /home/ubuntu/axy_proj/install/jetrover_controller/lib/jetrover_controller
[5.651s] Installing dance_attempt script to /home/ubuntu/axy_proj/install/jetrover_controller/lib/jetrover_controller
[5.655s] Installing enhanced_dance script to /home/ubuntu/axy_proj/install/jetrover_controller/lib/jetrover_controller
[5.655s] Installing lidar_safety script to /home/ubuntu/axy_proj/install/jetrover_controller/lib/jetrover_controller
[5.655s] Installing move_arm script to /home/ubuntu/axy_proj/install/jetrover_controller/lib/jetrover_controller
[5.656s] Installing move_robot script to /home/ubuntu/axy_proj/install/jetrover_controller/lib/jetrover_controller
[5.656s] Installing robo_manager script to /home/ubuntu/axy_proj/install/jetrover_controller/lib/jetrover_controller
[5.656s] writing list of installed files to '/home/ubuntu/axy_proj/build/jetrover_controller/install.log'
[5.778s] Invoked command in '/home/ubuntu/axy_proj/src/jetrover_controller' returned '0': PYTHONPATH=/home/ubuntu/axy_proj/build/jetrover_controller/prefix_override:/home/ubuntu/axy_proj/install/jetrover_controller/lib/python3.10/site-packages:${PYTHONPATH} /usr/bin/python3 -W ignore:setup.py install is deprecated setup.py egg_info --egg-base ../../build/jetrover_controller build --build-base /home/ubuntu/axy_proj/build/jetrover_controller/build install --record /home/ubuntu/axy_proj/build/jetrover_controller/install.log --single-version-externally-managed install_data
