[4.196s] Invoking command in '/home/ubuntu/axy_proj/src/jetrover_controller': PYTHONPATH=/home/ubuntu/axy_proj/build/jetrover_controller/prefix_override:/home/ubuntu/axy_proj/install/jetrover_controller/lib/python3.10/site-packages:${PYTHONPATH} /usr/bin/python3 -W ignore:setup.py install is deprecated setup.py egg_info --egg-base ../../build/jetrover_controller build --build-base /home/ubuntu/axy_proj/build/jetrover_controller/build install --record /home/ubuntu/axy_proj/build/jetrover_controller/install.log --single-version-externally-managed install_data
[5.229s] running egg_info
[5.275s] writing ../../build/jetrover_controller/jetrover_controller.egg-info/PKG-INFO
[5.277s] writing dependency_links to ../../build/jetrover_controller/jetrover_controller.egg-info/dependency_links.txt
[5.277s] writing entry points to ../../build/jetrover_controller/jetrover_controller.egg-info/entry_points.txt
[5.277s] writing requirements to ../../build/jetrover_controller/jetrover_controller.egg-info/requires.txt
[5.278s] writing top-level names to ../../build/jetrover_controller/jetrover_controller.egg-info/top_level.txt
[5.375s] reading manifest file '../../build/jetrover_controller/jetrover_controller.egg-info/SOURCES.txt'
[5.377s] writing manifest file '../../build/jetrover_controller/jetrover_controller.egg-info/SOURCES.txt'
[5.378s] running build
[5.378s] running build_py
[5.379s] copying jetrover_controller/__init__ (copy).py -> /home/ubuntu/axy_proj/build/jetrover_controller/build/lib/jetrover_controller
[5.379s] copying jetrover_controller/move_arm (copy).py -> /home/ubuntu/axy_proj/build/jetrover_controller/build/lib/jetrover_controller
[5.380s] copying jetrover_controller/move_arm.py -> /home/ubuntu/axy_proj/build/jetrover_controller/build/lib/jetrover_controller
[5.380s] copying jetrover_controller/move_robot.py -> /home/ubuntu/axy_proj/build/jetrover_controller/build/lib/jetrover_controller
[5.381s] copying jetrover_controller/robot_manager.py -> /home/ubuntu/axy_proj/build/jetrover_controller/build/lib/jetrover_controller
[5.383s] running install
[5.398s] running install_lib
[5.446s] copying /home/ubuntu/axy_proj/build/jetrover_controller/build/lib/jetrover_controller/robot_manager.py -> /home/ubuntu/axy_proj/install/jetrover_controller/lib/python3.10/site-packages/jetrover_controller
[5.450s] byte-compiling /home/ubuntu/axy_proj/install/jetrover_controller/lib/python3.10/site-packages/jetrover_controller/robot_manager.py to robot_manager.cpython-310.pyc
[5.452s] running install_data
[5.453s] copying package.xml -> /home/ubuntu/axy_proj/install/jetrover_controller/share/jetrover_controller
[5.453s] running install_egg_info
[5.504s] removing '/home/ubuntu/axy_proj/install/jetrover_controller/lib/python3.10/site-packages/jetrover_controller-0.0.0-py3.10.egg-info' (and everything under it)
[5.506s] Copying ../../build/jetrover_controller/jetrover_controller.egg-info to /home/ubuntu/axy_proj/install/jetrover_controller/lib/python3.10/site-packages/jetrover_controller-0.0.0-py3.10.egg-info
[5.510s] running install_scripts
[5.946s] Installing move_arm script to /home/ubuntu/axy_proj/install/jetrover_controller/lib/jetrover_controller
[5.947s] Installing move_robot script to /home/ubuntu/axy_proj/install/jetrover_controller/lib/jetrover_controller
[5.947s] Installing robo_manager script to /home/ubuntu/axy_proj/install/jetrover_controller/lib/jetrover_controller
[5.949s] writing list of installed files to '/home/ubuntu/axy_proj/build/jetrover_controller/install.log'
[6.093s] Invoked command in '/home/ubuntu/axy_proj/src/jetrover_controller' returned '0': PYTHONPATH=/home/ubuntu/axy_proj/build/jetrover_controller/prefix_override:/home/ubuntu/axy_proj/install/jetrover_controller/lib/python3.10/site-packages:${PYTHONPATH} /usr/bin/python3 -W ignore:setup.py install is deprecated setup.py egg_info --egg-base ../../build/jetrover_controller build --build-base /home/ubuntu/axy_proj/build/jetrover_controller/build install --record /home/ubuntu/axy_proj/build/jetrover_controller/install.log --single-version-externally-managed install_data
